{"C:\\claude_project\\english-tutor\\shadow-tutor\\src\\components\\layout\\header.tsx": {"path":"C:\\claude_project\\english-tutor\\shadow-tutor\\src\\components\\layout\\header.tsx","statementMap":{"0":{"start":{"line":8,"column":2},"end":{"line":36,"column":null}}},"fnMap":{"0":{"name":"Header","decl":{"start":{"line":7,"column":16},"end":{"line":7,"column":25}},"loc":{"start":{"line":7,"column":25},"end":{"line":38,"column":null}},"line":7}},"branchMap":{},"s":{"0":0},"f":{"0":0},"b":{},"meta":{"lastBranch":0,"lastFunction":1,"lastStatement":1,"seen":{"f:7:16:7:25":0,"s:8:2:36:Infinity":0}}}
,"C:\\claude_project\\english-tutor\\shadow-tutor\\src\\components\\practice\\audio-player.tsx": {"path":"C:\\claude_project\\english-tutor\\shadow-tutor\\src\\components\\practice\\audio-player.tsx","statementMap":{"0":{"start":{"line":31,"column":2},"end":{"line":31,"column":null}},"1":{"start":{"line":33,"column":49},"end":{"line":33,"column":null}},"2":{"start":{"line":35,"column":25},"end":{"line":35,"column":null}},"3":{"start":{"line":36,"column":24},"end":{"line":36,"column":null}},"4":{"start":{"line":37,"column":22},"end":{"line":37,"column":null}},"5":{"start":{"line":39,"column":2},"end":{"line":132,"column":null}}},"fnMap":{"0":{"name":"AudioPlayer","decl":{"start":{"line":16,"column":16},"end":{"line":16,"column":28}},"loc":{"start":{"line":16,"column":61},"end":{"line":134,"column":null}},"line":16}},"branchMap":{"0":{"loc":{"start":{"line":44,"column":11},"end":{"line":49,"column":null}},"type":"cond-expr","locations":[{"start":{"line":45,"column":12},"end":{"line":45,"column":null}},{"start":{"line":46,"column":14},"end":{"line":49,"column":null}}],"line":44},"1":{"loc":{"start":{"line":46,"column":14},"end":{"line":49,"column":null}},"type":"cond-expr","locations":[{"start":{"line":47,"column":12},"end":{"line":47,"column":null}},{"start":{"line":49,"column":12},"end":{"line":49,"column":null}}],"line":46},"2":{"loc":{"start":{"line":69,"column":22},"end":{"line":69,"column":null}},"type":"binary-expr","locations":[{"start":{"line":69,"column":22},"end":{"line":69,"column":40}},{"start":{"line":69,"column":40},"end":{"line":69,"column":56}},{"start":{"line":69,"column":56},"end":{"line":69,"column":null}}],"line":69},"3":{"loc":{"start":{"line":80,"column":22},"end":{"line":80,"column":null}},"type":"binary-expr","locations":[{"start":{"line":80,"column":22},"end":{"line":80,"column":38}},{"start":{"line":80,"column":38},"end":{"line":80,"column":null}}],"line":80},"4":{"loc":{"start":{"line":81,"column":24},"end":{"line":81,"column":null}},"type":"cond-expr","locations":[{"start":{"line":81,"column":36},"end":{"line":81,"column":46}},{"start":{"line":81,"column":46},"end":{"line":81,"column":null}}],"line":81},"5":{"loc":{"start":{"line":84,"column":13},"end":{"line":89,"column":null}},"type":"cond-expr","locations":[{"start":{"line":85,"column":14},"end":{"line":85,"column":null}},{"start":{"line":86,"column":16},"end":{"line":89,"column":null}}],"line":84},"6":{"loc":{"start":{"line":86,"column":16},"end":{"line":89,"column":null}},"type":"cond-expr","locations":[{"start":{"line":87,"column":14},"end":{"line":87,"column":null}},{"start":{"line":89,"column":14},"end":{"line":89,"column":null}}],"line":86},"7":{"loc":{"start":{"line":109,"column":22},"end":{"line":109,"column":null}},"type":"binary-expr","locations":[{"start":{"line":109,"column":22},"end":{"line":109,"column":39}},{"start":{"line":109,"column":39},"end":{"line":109,"column":55}},{"start":{"line":109,"column":55},"end":{"line":109,"column":null}}],"line":109},"8":{"loc":{"start":{"line":126,"column":9},"end":{"line":129,"column":null}},"type":"binary-expr","locations":[{"start":{"line":126,"column":9},"end":{"line":126,"column":null}},{"start":{"line":127,"column":10},"end":{"line":129,"column":null}}],"line":126}},"s":{"0":25,"1":25,"2":25,"3":25,"4":25,"5":25},"f":{"0":25},"b":{"0":[1,24],"1":[21,3],"2":[25,2,2],"3":[25,22],"4":[1,24],"5":[2,23],"6":[1,22],"7":[25,24,21],"8":[25,22]},"meta":{"lastBranch":9,"lastFunction":1,"lastStatement":6,"seen":{"f:16:16:16:28":0,"s:31:2:31:Infinity":0,"s:33:49:33:Infinity":1,"s:35:25:35:Infinity":2,"s:36:24:36:Infinity":3,"s:37:22:37:Infinity":4,"s:39:2:132:Infinity":5,"b:45:12:45:Infinity:46:14:49:Infinity":0,"b:47:12:47:Infinity:49:12:49:Infinity":1,"b:69:22:69:40:69:40:69:56:69:56:69:Infinity":2,"b:80:22:80:38:80:38:80:Infinity":3,"b:81:36:81:46:81:46:81:Infinity":4,"b:85:14:85:Infinity:86:16:89:Infinity":5,"b:87:14:87:Infinity:89:14:89:Infinity":6,"b:109:22:109:39:109:39:109:55:109:55:109:Infinity":7,"b:126:9:126:Infinity:127:10:129:Infinity":8}}}
,"C:\\claude_project\\english-tutor\\shadow-tutor\\src\\components\\practice\\index.ts": {"path":"C:\\claude_project\\english-tutor\\shadow-tutor\\src\\components\\practice\\index.ts","statementMap":{},"fnMap":{},"branchMap":{},"s":{},"f":{},"b":{},"meta":{"lastBranch":0,"lastFunction":0,"lastStatement":0,"seen":{}}}
,"C:\\claude_project\\english-tutor\\shadow-tutor\\src\\components\\practice\\mode-selector.tsx": {"path":"C:\\claude_project\\english-tutor\\shadow-tutor\\src\\components\\practice\\mode-selector.tsx","statementMap":{"0":{"start":{"line":29,"column":27},"end":{"line":33,"column":null}},"1":{"start":{"line":30,"column":4},"end":{"line":32,"column":null}},"2":{"start":{"line":31,"column":6},"end":{"line":31,"column":null}},"3":{"start":{"line":35,"column":2},"end":{"line":69,"column":null}},"4":{"start":{"line":44,"column":23},"end":{"line":44,"column":null}},"5":{"start":{"line":58,"column":23},"end":{"line":58,"column":null}}},"fnMap":{"0":{"name":"ModeSelector","decl":{"start":{"line":23,"column":16},"end":{"line":23,"column":29}},"loc":{"start":{"line":28,"column":22},"end":{"line":71,"column":null}},"line":28},"1":{"name":"(anonymous_1)","decl":{"start":{"line":29,"column":27},"end":{"line":29,"column":28}},"loc":{"start":{"line":29,"column":54},"end":{"line":33,"column":null}},"line":29},"2":{"name":"(anonymous_2)","decl":{"start":{"line":44,"column":17},"end":{"line":44,"column":23}},"loc":{"start":{"line":44,"column":23},"end":{"line":44,"column":null}},"line":44},"3":{"name":"(anonymous_3)","decl":{"start":{"line":58,"column":17},"end":{"line":58,"column":23}},"loc":{"start":{"line":58,"column":23},"end":{"line":58,"column":null}},"line":58}},"branchMap":{"0":{"loc":{"start":{"line":26,"column":2},"end":{"line":26,"column":null}},"type":"default-arg","locations":[{"start":{"line":26,"column":13},"end":{"line":26,"column":null}}],"line":26},"1":{"loc":{"start":{"line":30,"column":4},"end":{"line":32,"column":null}},"type":"if","locations":[{"start":{"line":30,"column":4},"end":{"line":32,"column":null}},{"start":{},"end":{}}],"line":30},"2":{"loc":{"start":{"line":30,"column":8},"end":{"line":30,"column":39}},"type":"binary-expr","locations":[{"start":{"line":30,"column":8},"end":{"line":30,"column":28}},{"start":{"line":30,"column":28},"end":{"line":30,"column":39}}],"line":30},"3":{"loc":{"start":{"line":42,"column":17},"end":{"line":42,"column":null}},"type":"cond-expr","locations":[{"start":{"line":42,"column":41},"end":{"line":42,"column":53}},{"start":{"line":42,"column":53},"end":{"line":42,"column":null}}],"line":42},"4":{"loc":{"start":{"line":49,"column":10},"end":{"line":49,"column":null}},"type":"binary-expr","locations":[{"start":{"line":49,"column":10},"end":{"line":49,"column":35}},{"start":{"line":49,"column":35},"end":{"line":49,"column":null}}],"line":49},"5":{"loc":{"start":{"line":56,"column":17},"end":{"line":56,"column":null}},"type":"cond-expr","locations":[{"start":{"line":56,"column":40},"end":{"line":56,"column":52}},{"start":{"line":56,"column":52},"end":{"line":56,"column":null}}],"line":56},"6":{"loc":{"start":{"line":63,"column":10},"end":{"line":63,"column":null}},"type":"binary-expr","locations":[{"start":{"line":63,"column":10},"end":{"line":63,"column":34}},{"start":{"line":63,"column":34},"end":{"line":63,"column":null}}],"line":63}},"s":{"0":13,"1":3,"2":2,"3":13,"4":2,"5":1},"f":{"0":13,"1":3,"2":2,"3":1},"b":{"0":[13],"1":[2,1],"2":[3,2],"3":[11,2],"4":[13,11],"5":[2,11],"6":[13,2]},"meta":{"lastBranch":7,"lastFunction":4,"lastStatement":6,"seen":{"f:23:16:23:29":0,"b:26:13:26:Infinity":0,"s:29:27:33:Infinity":0,"f:29:27:29:28":1,"b:30:4:32:Infinity:undefined:undefined:undefined:undefined":1,"s:30:4:32:Infinity":1,"b:30:8:30:28:30:28:30:39":2,"s:31:6:31:Infinity":2,"s:35:2:69:Infinity":3,"b:42:41:42:53:42:53:42:Infinity":3,"f:44:17:44:23":2,"s:44:23:44:Infinity":4,"b:49:10:49:35:49:35:49:Infinity":4,"b:56:40:56:52:56:52:56:Infinity":5,"f:58:17:58:23":3,"s:58:23:58:Infinity":5,"b:63:10:63:34:63:34:63:Infinity":6}}}
,"C:\\claude_project\\english-tutor\\shadow-tutor\\src\\components\\practice\\playback-speed.tsx": {"path":"C:\\claude_project\\english-tutor\\shadow-tutor\\src\\components\\practice\\playback-speed.tsx","statementMap":{"0":{"start":{"line":14,"column":22},"end":{"line":14,"column":null}},"1":{"start":{"line":17,"column":29},"end":{"line":19,"column":null}},"2":{"start":{"line":18,"column":4},"end":{"line":18,"column":null}},"3":{"start":{"line":21,"column":2},"end":{"line":52,"column":null}},"4":{"start":{"line":40,"column":12},"end":{"line":48,"column":null}},"5":{"start":{"line":44,"column":29},"end":{"line":44,"column":null}}},"fnMap":{"0":{"name":"PlaybackSpeed","decl":{"start":{"line":16,"column":16},"end":{"line":16,"column":30}},"loc":{"start":{"line":16,"column":82},"end":{"line":54,"column":null}},"line":16},"1":{"name":"(anonymous_1)","decl":{"start":{"line":17,"column":29},"end":{"line":17,"column":30}},"loc":{"start":{"line":17,"column":51},"end":{"line":19,"column":null}},"line":17},"2":{"name":"(anonymous_2)","decl":{"start":{"line":39,"column":29},"end":{"line":39,"column":30}},"loc":{"start":{"line":40,"column":12},"end":{"line":48,"column":null}},"line":40},"3":{"name":"(anonymous_3)","decl":{"start":{"line":44,"column":23},"end":{"line":44,"column":29}},"loc":{"start":{"line":44,"column":29},"end":{"line":44,"column":null}},"line":44}},"branchMap":{"0":{"loc":{"start":{"line":42,"column":23},"end":{"line":42,"column":null}},"type":"cond-expr","locations":[{"start":{"line":42,"column":42},"end":{"line":42,"column":54}},{"start":{"line":42,"column":54},"end":{"line":42,"column":null}}],"line":42}},"s":{"0":1,"1":19,"2":0,"3":19,"4":114,"5":6},"f":{"0":19,"1":0,"2":114,"3":6},"b":{"0":[19,95]},"meta":{"lastBranch":1,"lastFunction":4,"lastStatement":6,"seen":{"s:14:22:14:Infinity":0,"f:16:16:16:30":0,"s:17:29:19:Infinity":1,"f:17:29:17:30":1,"s:18:4:18:Infinity":2,"s:21:2:52:Infinity":3,"f:39:29:39:30":2,"s:40:12:48:Infinity":4,"b:42:42:42:54:42:54:42:Infinity":0,"f:44:23:44:29":3,"s:44:29:44:Infinity":5}}}
,"C:\\claude_project\\english-tutor\\shadow-tutor\\src\\components\\practice\\progress-bar.tsx": {"path":"C:\\claude_project\\english-tutor\\shadow-tutor\\src\\components\\practice\\progress-bar.tsx","statementMap":{"0":{"start":{"line":24,"column":26},"end":{"line":24,"column":null}},"1":{"start":{"line":25,"column":23},"end":{"line":25,"column":null}},"2":{"start":{"line":28,"column":29},"end":{"line":28,"column":null}},"3":{"start":{"line":30,"column":28},"end":{"line":35,"column":null}},"4":{"start":{"line":31,"column":20},"end":{"line":31,"column":null}},"5":{"start":{"line":32,"column":4},"end":{"line":34,"column":null}},"6":{"start":{"line":33,"column":6},"end":{"line":33,"column":null}},"7":{"start":{"line":37,"column":2},"end":{"line":73,"column":null}}},"fnMap":{"0":{"name":"ProgressBar","decl":{"start":{"line":16,"column":16},"end":{"line":16,"column":28}},"loc":{"start":{"line":22,"column":21},"end":{"line":75,"column":null}},"line":22},"1":{"name":"(anonymous_1)","decl":{"start":{"line":30,"column":28},"end":{"line":30,"column":29}},"loc":{"start":{"line":30,"column":50},"end":{"line":35,"column":null}},"line":30}},"branchMap":{"0":{"loc":{"start":{"line":24,"column":26},"end":{"line":24,"column":null}},"type":"cond-expr","locations":[{"start":{"line":24,"column":57},"end":{"line":24,"column":71}},{"start":{"line":24,"column":71},"end":{"line":24,"column":null}}],"line":24},"1":{"loc":{"start":{"line":25,"column":23},"end":{"line":25,"column":null}},"type":"cond-expr","locations":[{"start":{"line":25,"column":67},"end":{"line":25,"column":78}},{"start":{"line":25,"column":78},"end":{"line":25,"column":null}}],"line":25},"2":{"loc":{"start":{"line":25,"column":23},"end":{"line":25,"column":67}},"type":"binary-expr","locations":[{"start":{"line":25,"column":23},"end":{"line":25,"column":52}},{"start":{"line":25,"column":52},"end":{"line":25,"column":67}}],"line":25},"3":{"loc":{"start":{"line":32,"column":4},"end":{"line":34,"column":null}},"type":"if","locations":[{"start":{"line":32,"column":4},"end":{"line":34,"column":null}},{"start":{},"end":{}}],"line":32},"4":{"loc":{"start":{"line":49,"column":15},"end":{"line":49,"column":null}},"type":"binary-expr","locations":[{"start":{"line":49,"column":15},"end":{"line":49,"column":31}},{"start":{"line":49,"column":31},"end":{"line":49,"column":null}}],"line":49},"5":{"loc":{"start":{"line":59,"column":9},"end":{"line":65,"column":null}},"type":"binary-expr","locations":[{"start":{"line":59,"column":9},"end":{"line":59,"column":null}},{"start":{"line":60,"column":10},"end":{"line":65,"column":null}}],"line":59}},"s":{"0":40,"1":40,"2":40,"3":40,"4":2,"5":2,"6":2,"7":40},"f":{"0":40,"1":2},"b":{"0":[39,1],"1":[38,2],"2":[40,39],"3":[2,0],"4":[40,2],"5":[40,4]},"meta":{"lastBranch":6,"lastFunction":2,"lastStatement":8,"seen":{"f:16:16:16:28":0,"s:24:26:24:Infinity":0,"b:24:57:24:71:24:71:24:Infinity":0,"s:25:23:25:Infinity":1,"b:25:67:25:78:25:78:25:Infinity":1,"b:25:23:25:52:25:52:25:67":2,"s:28:29:28:Infinity":2,"s:30:28:35:Infinity":3,"f:30:28:30:29":1,"s:31:20:31:Infinity":4,"b:32:4:34:Infinity:undefined:undefined:undefined:undefined":3,"s:32:4:34:Infinity":5,"s:33:6:33:Infinity":6,"s:37:2:73:Infinity":7,"b:49:15:49:31:49:31:49:Infinity":4,"b:59:9:59:Infinity:60:10:65:Infinity":5}}}
,"C:\\claude_project\\english-tutor\\shadow-tutor\\src\\components\\practice\\segment-highlight.tsx": {"path":"C:\\claude_project\\english-tutor\\shadow-tutor\\src\\components\\practice\\segment-highlight.tsx","statementMap":{"0":{"start":{"line":16,"column":18},"end":{"line":16,"column":null}},"1":{"start":{"line":18,"column":2},"end":{"line":33,"column":null}}},"fnMap":{"0":{"name":"SegmentHighlight","decl":{"start":{"line":11,"column":16},"end":{"line":11,"column":33}},"loc":{"start":{"line":15,"column":26},"end":{"line":35,"column":null}},"line":15}},"branchMap":{"0":{"loc":{"start":{"line":28,"column":7},"end":{"line":31,"column":null}},"type":"cond-expr","locations":[{"start":{"line":29,"column":8},"end":{"line":29,"column":null}},{"start":{"line":31,"column":8},"end":{"line":31,"column":null}}],"line":28}},"s":{"0":11,"1":11},"f":{"0":11},"b":{"0":[9,2]},"meta":{"lastBranch":1,"lastFunction":1,"lastStatement":2,"seen":{"f:11:16:11:33":0,"s:16:18:16:Infinity":0,"s:18:2:33:Infinity":1,"b:29:8:29:Infinity:31:8:31:Infinity":0}}}
,"C:\\claude_project\\english-tutor\\shadow-tutor\\src\\components\\practice\\segment-list.tsx": {"path":"C:\\claude_project\\english-tutor\\shadow-tutor\\src\\components\\practice\\segment-list.tsx","statementMap":{"0":{"start":{"line":23,"column":8},"end":{"line":23,"column":null}},"1":{"start":{"line":26,"column":2},"end":{"line":36,"column":null}},"2":{"start":{"line":27,"column":4},"end":{"line":27,"column":null}},"3":{"start":{"line":27,"column":30},"end":{"line":27,"column":null}},"4":{"start":{"line":29,"column":24},"end":{"line":29,"column":null}},"5":{"start":{"line":30,"column":4},"end":{"line":35,"column":null}},"6":{"start":{"line":31,"column":6},"end":{"line":34,"column":null}},"7":{"start":{"line":37,"column":2},"end":{"line":47,"column":null}},"8":{"start":{"line":38,"column":4},"end":{"line":45,"column":null}},"9":{"start":{"line":49,"column":2},"end":{"line":82,"column":null}},"10":{"start":{"line":57,"column":12},"end":{"line":78,"column":null}},"11":{"start":{"line":60,"column":18},"end":{"line":64,"column":null}},"12":{"start":{"line":61,"column":20},"end":{"line":61,"column":null}},"13":{"start":{"line":63,"column":20},"end":{"line":63,"column":null}},"14":{"start":{"line":66,"column":31},"end":{"line":66,"column":null}}},"fnMap":{"0":{"name":"SegmentList","decl":{"start":{"line":16,"column":16},"end":{"line":16,"column":28}},"loc":{"start":{"line":22,"column":21},"end":{"line":84,"column":null}},"line":22},"1":{"name":"(anonymous_1)","decl":{"start":{"line":26,"column":12},"end":{"line":26,"column":18}},"loc":{"start":{"line":26,"column":18},"end":{"line":36,"column":5}},"line":26},"2":{"name":"(anonymous_2)","decl":{"start":{"line":56,"column":24},"end":{"line":56,"column":25}},"loc":{"start":{"line":57,"column":12},"end":{"line":78,"column":null}},"line":57},"3":{"name":"(anonymous_3)","decl":{"start":{"line":59,"column":21},"end":{"line":59,"column":22}},"loc":{"start":{"line":59,"column":29},"end":{"line":65,"column":null}},"line":59},"4":{"name":"(anonymous_4)","decl":{"start":{"line":66,"column":25},"end":{"line":66,"column":31}},"loc":{"start":{"line":66,"column":31},"end":{"line":66,"column":null}},"line":66}},"branchMap":{"0":{"loc":{"start":{"line":20,"column":2},"end":{"line":20,"column":null}},"type":"default-arg","locations":[{"start":{"line":20,"column":24},"end":{"line":20,"column":null}}],"line":20},"1":{"loc":{"start":{"line":27,"column":4},"end":{"line":27,"column":null}},"type":"if","locations":[{"start":{"line":27,"column":4},"end":{"line":27,"column":null}},{"start":{},"end":{}}],"line":27},"2":{"loc":{"start":{"line":30,"column":4},"end":{"line":35,"column":null}},"type":"if","locations":[{"start":{"line":30,"column":4},"end":{"line":35,"column":null}},{"start":{},"end":{}}],"line":30},"3":{"loc":{"start":{"line":37,"column":2},"end":{"line":47,"column":null}},"type":"if","locations":[{"start":{"line":37,"column":2},"end":{"line":47,"column":null}},{"start":{},"end":{}}],"line":37},"4":{"loc":{"start":{"line":60,"column":18},"end":{"line":64,"column":null}},"type":"if","locations":[{"start":{"line":60,"column":18},"end":{"line":64,"column":null}},{"start":{"line":62,"column":25},"end":{"line":64,"column":null}}],"line":60},"5":{"loc":{"start":{"line":70,"column":18},"end":{"line":71,"column":null}},"type":"binary-expr","locations":[{"start":{"line":70,"column":18},"end":{"line":70,"column":null}},{"start":{"line":71,"column":20},"end":{"line":71,"column":null}}],"line":70},"6":{"loc":{"start":{"line":73,"column":30},"end":{"line":73,"column":null}},"type":"cond-expr","locations":[{"start":{"line":73,"column":55},"end":{"line":73,"column":64}},{"start":{"line":73,"column":64},"end":{"line":73,"column":null}}],"line":73}},"s":{"0":16,"1":16,"2":16,"3":1,"4":15,"5":15,"6":13,"7":16,"8":2,"9":14,"10":42,"11":84,"12":42,"13":42,"14":3},"f":{"0":16,"1":16,"2":42,"3":84,"4":3},"b":{"0":[16],"1":[1,15],"2":[13,2],"3":[2,14],"4":[42,42],"5":[42,14],"6":[14,28]},"meta":{"lastBranch":7,"lastFunction":5,"lastStatement":15,"seen":{"f:16:16:16:28":0,"b:20:24:20:Infinity":0,"s:23:8:23:Infinity":0,"s:26:2:36:Infinity":1,"f:26:12:26:18":1,"b:27:4:27:Infinity:undefined:undefined:undefined:undefined":1,"s:27:4:27:Infinity":2,"s:27:30:27:Infinity":3,"s:29:24:29:Infinity":4,"b:30:4:35:Infinity:undefined:undefined:undefined:undefined":2,"s:30:4:35:Infinity":5,"s:31:6:34:Infinity":6,"b:37:2:47:Infinity:undefined:undefined:undefined:undefined":3,"s:37:2:47:Infinity":7,"s:38:4:45:Infinity":8,"s:49:2:82:Infinity":9,"f:56:24:56:25":2,"s:57:12:78:Infinity":10,"f:59:21:59:22":3,"b:60:18:64:Infinity:62:25:64:Infinity":4,"s:60:18:64:Infinity":11,"s:61:20:61:Infinity":12,"s:63:20:63:Infinity":13,"f:66:25:66:31":4,"s:66:31:66:Infinity":14,"b:70:18:70:Infinity:71:20:71:Infinity":5,"b:73:55:73:64:73:64:73:Infinity":6}}}
,"C:\\claude_project\\english-tutor\\shadow-tutor\\src\\components\\practice\\shadowing-settings.tsx": {"path":"C:\\claude_project\\english-tutor\\shadow-tutor\\src\\components\\practice\\shadowing-settings.tsx","statementMap":{"0":{"start":{"line":37,"column":36},"end":{"line":39,"column":null}},"1":{"start":{"line":38,"column":4},"end":{"line":38,"column":null}},"2":{"start":{"line":41,"column":32},"end":{"line":45,"column":null}},"3":{"start":{"line":42,"column":4},"end":{"line":44,"column":null}},"4":{"start":{"line":43,"column":6},"end":{"line":43,"column":null}},"5":{"start":{"line":47,"column":32},"end":{"line":51,"column":null}},"6":{"start":{"line":48,"column":4},"end":{"line":50,"column":null}},"7":{"start":{"line":49,"column":6},"end":{"line":49,"column":null}},"8":{"start":{"line":53,"column":34},"end":{"line":55,"column":null}},"9":{"start":{"line":54,"column":4},"end":{"line":54,"column":null}},"10":{"start":{"line":57,"column":2},"end":{"line":144,"column":null}}},"fnMap":{"0":{"name":"ShadowingSettings","decl":{"start":{"line":31,"column":16},"end":{"line":31,"column":34}},"loc":{"start":{"line":36,"column":27},"end":{"line":146,"column":null}},"line":36},"1":{"name":"(anonymous_1)","decl":{"start":{"line":37,"column":36},"end":{"line":37,"column":37}},"loc":{"start":{"line":37,"column":57},"end":{"line":39,"column":null}},"line":37},"2":{"name":"(anonymous_2)","decl":{"start":{"line":41,"column":32},"end":{"line":41,"column":38}},"loc":{"start":{"line":41,"column":38},"end":{"line":45,"column":null}},"line":41},"3":{"name":"(anonymous_3)","decl":{"start":{"line":47,"column":32},"end":{"line":47,"column":38}},"loc":{"start":{"line":47,"column":38},"end":{"line":51,"column":null}},"line":47},"4":{"name":"(anonymous_4)","decl":{"start":{"line":53,"column":34},"end":{"line":53,"column":35}},"loc":{"start":{"line":53,"column":56},"end":{"line":55,"column":null}},"line":53}},"branchMap":{"0":{"loc":{"start":{"line":34,"column":2},"end":{"line":34,"column":null}},"type":"default-arg","locations":[{"start":{"line":34,"column":13},"end":{"line":34,"column":null}}],"line":34},"1":{"loc":{"start":{"line":42,"column":4},"end":{"line":44,"column":null}},"type":"if","locations":[{"start":{"line":42,"column":4},"end":{"line":44,"column":null}},{"start":{},"end":{}}],"line":42},"2":{"loc":{"start":{"line":48,"column":4},"end":{"line":50,"column":null}},"type":"if","locations":[{"start":{"line":48,"column":4},"end":{"line":50,"column":null}},{"start":{},"end":{}}],"line":48},"3":{"loc":{"start":{"line":101,"column":22},"end":{"line":101,"column":null}},"type":"binary-expr","locations":[{"start":{"line":101,"column":22},"end":{"line":101,"column":34}},{"start":{"line":101,"column":34},"end":{"line":101,"column":null}}],"line":101},"4":{"loc":{"start":{"line":119,"column":22},"end":{"line":119,"column":null}},"type":"binary-expr","locations":[{"start":{"line":119,"column":22},"end":{"line":119,"column":34}},{"start":{"line":119,"column":34},"end":{"line":119,"column":null}}],"line":119}},"s":{"0":20,"1":1,"2":20,"3":1,"4":1,"5":20,"6":1,"7":1,"8":20,"9":1,"10":20},"f":{"0":20,"1":1,"2":1,"3":1,"4":1},"b":{"0":[20],"1":[1,0],"2":[1,0],"3":[20,19],"4":[20,19]},"meta":{"lastBranch":5,"lastFunction":5,"lastStatement":11,"seen":{"f:31:16:31:34":0,"b:34:13:34:Infinity":0,"s:37:36:39:Infinity":0,"f:37:36:37:37":1,"s:38:4:38:Infinity":1,"s:41:32:45:Infinity":2,"f:41:32:41:38":2,"b:42:4:44:Infinity:undefined:undefined:undefined:undefined":1,"s:42:4:44:Infinity":3,"s:43:6:43:Infinity":4,"s:47:32:51:Infinity":5,"f:47:32:47:38":3,"b:48:4:50:Infinity:undefined:undefined:undefined:undefined":2,"s:48:4:50:Infinity":6,"s:49:6:49:Infinity":7,"s:53:34:55:Infinity":8,"f:53:34:53:35":4,"s:54:4:54:Infinity":9,"s:57:2:144:Infinity":10,"b:101:22:101:34:101:34:101:Infinity":3,"b:119:22:119:34:119:34:119:Infinity":4}}}
,"C:\\claude_project\\english-tutor\\shadow-tutor\\src\\components\\practice\\shadowing-timer.tsx": {"path":"C:\\claude_project\\english-tutor\\shadow-tutor\\src\\components\\practice\\shadowing-timer.tsx","statementMap":{"0":{"start":{"line":37,"column":22},"end":{"line":37,"column":null}},"1":{"start":{"line":40,"column":19},"end":{"line":40,"column":null}},"2":{"start":{"line":43,"column":17},"end":{"line":43,"column":null}},"3":{"start":{"line":44,"column":24},"end":{"line":44,"column":null}},"4":{"start":{"line":45,"column":27},"end":{"line":45,"column":null}},"5":{"start":{"line":48,"column":2},"end":{"line":76,"column":null}},"6":{"start":{"line":49,"column":4},"end":{"line":55,"column":null}},"7":{"start":{"line":50,"column":6},"end":{"line":53,"column":null}},"8":{"start":{"line":51,"column":8},"end":{"line":51,"column":null}},"9":{"start":{"line":52,"column":8},"end":{"line":52,"column":null}},"10":{"start":{"line":54,"column":6},"end":{"line":54,"column":null}},"11":{"start":{"line":57,"column":4},"end":{"line":68,"column":null}},"12":{"start":{"line":58,"column":22},"end":{"line":58,"column":null}},"13":{"start":{"line":59,"column":6},"end":{"line":67,"column":null}},"14":{"start":{"line":60,"column":8},"end":{"line":63,"column":null}},"15":{"start":{"line":61,"column":10},"end":{"line":61,"column":null}},"16":{"start":{"line":62,"column":10},"end":{"line":62,"column":null}},"17":{"start":{"line":64,"column":8},"end":{"line":64,"column":null}},"18":{"start":{"line":66,"column":8},"end":{"line":66,"column":null}},"19":{"start":{"line":70,"column":4},"end":{"line":75,"column":null}},"20":{"start":{"line":71,"column":6},"end":{"line":74,"column":null}},"21":{"start":{"line":72,"column":8},"end":{"line":72,"column":null}},"22":{"start":{"line":73,"column":8},"end":{"line":73,"column":null}},"23":{"start":{"line":78,"column":2},"end":{"line":80,"column":null}},"24":{"start":{"line":79,"column":4},"end":{"line":79,"column":null}},"25":{"start":{"line":82,"column":2},"end":{"line":145,"column":null}}},"fnMap":{"0":{"name":"ShadowingTimer","decl":{"start":{"line":28,"column":16},"end":{"line":28,"column":31}},"loc":{"start":{"line":36,"column":24},"end":{"line":147,"column":null}},"line":36},"1":{"name":"(anonymous_1)","decl":{"start":{"line":48,"column":18},"end":{"line":48,"column":24}},"loc":{"start":{"line":48,"column":24},"end":{"line":76,"column":5}},"line":48},"2":{"name":"(anonymous_2)","decl":{"start":{"line":57,"column":38},"end":{"line":57,"column":44}},"loc":{"start":{"line":57,"column":44},"end":{"line":68,"column":7}},"line":57},"3":{"name":"(anonymous_3)","decl":{"start":{"line":70,"column":11},"end":{"line":70,"column":17}},"loc":{"start":{"line":70,"column":17},"end":{"line":75,"column":null}},"line":70}},"branchMap":{"0":{"loc":{"start":{"line":40,"column":19},"end":{"line":40,"column":null}},"type":"cond-expr","locations":[{"start":{"line":40,"column":36},"end":{"line":40,"column":71}},{"start":{"line":40,"column":71},"end":{"line":40,"column":null}}],"line":40},"1":{"loc":{"start":{"line":49,"column":4},"end":{"line":55,"column":null}},"type":"if","locations":[{"start":{"line":49,"column":4},"end":{"line":55,"column":null}},{"start":{},"end":{}}],"line":49},"2":{"loc":{"start":{"line":50,"column":6},"end":{"line":53,"column":null}},"type":"if","locations":[{"start":{"line":50,"column":6},"end":{"line":53,"column":null}},{"start":{},"end":{}}],"line":50},"3":{"loc":{"start":{"line":59,"column":6},"end":{"line":67,"column":null}},"type":"if","locations":[{"start":{"line":59,"column":6},"end":{"line":67,"column":null}},{"start":{"line":65,"column":13},"end":{"line":67,"column":null}}],"line":59},"4":{"loc":{"start":{"line":60,"column":8},"end":{"line":63,"column":null}},"type":"if","locations":[{"start":{"line":60,"column":8},"end":{"line":63,"column":null}},{"start":{},"end":{}}],"line":60},"5":{"loc":{"start":{"line":71,"column":6},"end":{"line":74,"column":null}},"type":"if","locations":[{"start":{"line":71,"column":6},"end":{"line":74,"column":null}},{"start":{},"end":{}}],"line":71},"6":{"loc":{"start":{"line":78,"column":2},"end":{"line":80,"column":null}},"type":"if","locations":[{"start":{"line":78,"column":2},"end":{"line":80,"column":null}},{"start":{},"end":{}}],"line":78}},"s":{"0":14,"1":14,"2":14,"3":14,"4":14,"5":14,"6":14,"7":2,"8":0,"9":0,"10":2,"11":12,"12":2,"13":2,"14":1,"15":1,"16":1,"17":1,"18":1,"19":12,"20":12,"21":11,"22":11,"23":14,"24":2,"25":12},"f":{"0":14,"1":14,"2":2,"3":12},"b":{"0":[14,0],"1":[2,12],"2":[0,2],"3":[1,1],"4":[1,0],"5":[11,1],"6":[2,12]},"meta":{"lastBranch":7,"lastFunction":4,"lastStatement":26,"seen":{"f:28:16:28:31":0,"s:37:22:37:Infinity":0,"s:40:19:40:Infinity":1,"b:40:36:40:71:40:71:40:Infinity":0,"s:43:17:43:Infinity":2,"s:44:24:44:Infinity":3,"s:45:27:45:Infinity":4,"s:48:2:76:Infinity":5,"f:48:18:48:24":1,"b:49:4:55:Infinity:undefined:undefined:undefined:undefined":1,"s:49:4:55:Infinity":6,"b:50:6:53:Infinity:undefined:undefined:undefined:undefined":2,"s:50:6:53:Infinity":7,"s:51:8:51:Infinity":8,"s:52:8:52:Infinity":9,"s:54:6:54:Infinity":10,"s:57:4:68:Infinity":11,"f:57:38:57:44":2,"s:58:22:58:Infinity":12,"b:59:6:67:Infinity:65:13:67:Infinity":3,"s:59:6:67:Infinity":13,"b:60:8:63:Infinity:undefined:undefined:undefined:undefined":4,"s:60:8:63:Infinity":14,"s:61:10:61:Infinity":15,"s:62:10:62:Infinity":16,"s:64:8:64:Infinity":17,"s:66:8:66:Infinity":18,"s:70:4:75:Infinity":19,"f:70:11:70:17":3,"b:71:6:74:Infinity:undefined:undefined:undefined:undefined":5,"s:71:6:74:Infinity":20,"s:72:8:72:Infinity":21,"s:73:8:73:Infinity":22,"b:78:2:80:Infinity:undefined:undefined:undefined:undefined":6,"s:78:2:80:Infinity":23,"s:79:4:79:Infinity":24,"s:82:2:145:Infinity":25}}}
,"C:\\claude_project\\english-tutor\\shadow-tutor\\src\\components\\practice\\voice-selector.tsx": {"path":"C:\\claude_project\\english-tutor\\shadow-tutor\\src\\components\\practice\\voice-selector.tsx","statementMap":{"0":{"start":{"line":21,"column":2},"end":{"line":45,"column":null}},"1":{"start":{"line":27,"column":52},"end":{"line":27,"column":null}},"2":{"start":{"line":33,"column":14},"end":{"line":40,"column":null}}},"fnMap":{"0":{"name":"VoiceSelector","decl":{"start":{"line":20,"column":16},"end":{"line":20,"column":30}},"loc":{"start":{"line":20,"column":82},"end":{"line":47,"column":null}},"line":20},"1":{"name":"(anonymous_1)","decl":{"start":{"line":27,"column":45},"end":{"line":27,"column":46}},"loc":{"start":{"line":27,"column":52},"end":{"line":27,"column":null}},"line":27},"2":{"name":"(anonymous_2)","decl":{"start":{"line":32,"column":24},"end":{"line":32,"column":25}},"loc":{"start":{"line":33,"column":14},"end":{"line":40,"column":null}},"line":33}},"branchMap":{},"s":{"0":17,"1":1,"2":102},"f":{"0":17,"1":1,"2":102},"b":{},"meta":{"lastBranch":0,"lastFunction":3,"lastStatement":3,"seen":{"f:20:16:20:30":0,"s:21:2:45:Infinity":0,"f:27:45:27:46":1,"s:27:52:27:Infinity":1,"f:32:24:32:25":2,"s:33:14:40:Infinity":2}}}
,"C:\\claude_project\\english-tutor\\shadow-tutor\\src\\components\\practice\\volume-control.tsx": {"path":"C:\\claude_project\\english-tutor\\shadow-tutor\\src\\components\\practice\\volume-control.tsx","statementMap":{"0":{"start":{"line":24,"column":24},"end":{"line":24,"column":null}},"1":{"start":{"line":27,"column":24},"end":{"line":35,"column":null}},"2":{"start":{"line":28,"column":4},"end":{"line":30,"column":null}},"3":{"start":{"line":29,"column":6},"end":{"line":29,"column":null}},"4":{"start":{"line":31,"column":4},"end":{"line":33,"column":null}},"5":{"start":{"line":32,"column":6},"end":{"line":32,"column":null}},"6":{"start":{"line":34,"column":4},"end":{"line":34,"column":null}},"7":{"start":{"line":37,"column":29},"end":{"line":41,"column":null}},"8":{"start":{"line":39,"column":22},"end":{"line":39,"column":null}},"9":{"start":{"line":40,"column":4},"end":{"line":40,"column":null}},"10":{"start":{"line":43,"column":2},"end":{"line":66,"column":null}}},"fnMap":{"0":{"name":"VolumeControl","decl":{"start":{"line":16,"column":16},"end":{"line":16,"column":30}},"loc":{"start":{"line":22,"column":23},"end":{"line":68,"column":null}},"line":22},"1":{"name":"(anonymous_1)","decl":{"start":{"line":27,"column":24},"end":{"line":27,"column":30}},"loc":{"start":{"line":27,"column":30},"end":{"line":35,"column":null}},"line":27},"2":{"name":"(anonymous_2)","decl":{"start":{"line":37,"column":29},"end":{"line":37,"column":30}},"loc":{"start":{"line":37,"column":51},"end":{"line":41,"column":null}},"line":37}},"branchMap":{"0":{"loc":{"start":{"line":28,"column":4},"end":{"line":30,"column":null}},"type":"if","locations":[{"start":{"line":28,"column":4},"end":{"line":30,"column":null}},{"start":{},"end":{}}],"line":28},"1":{"loc":{"start":{"line":28,"column":8},"end":{"line":28,"column":33}},"type":"binary-expr","locations":[{"start":{"line":28,"column":8},"end":{"line":28,"column":19}},{"start":{"line":28,"column":19},"end":{"line":28,"column":33}}],"line":28},"2":{"loc":{"start":{"line":31,"column":4},"end":{"line":33,"column":null}},"type":"if","locations":[{"start":{"line":31,"column":4},"end":{"line":33,"column":null}},{"start":{},"end":{}}],"line":31},"3":{"loc":{"start":{"line":50,"column":20},"end":{"line":50,"column":null}},"type":"cond-expr","locations":[{"start":{"line":50,"column":30},"end":{"line":50,"column":48}},{"start":{"line":50,"column":48},"end":{"line":50,"column":null}}],"line":50}},"s":{"0":42,"1":42,"2":42,"3":4,"4":38,"5":2,"6":36,"7":42,"8":1,"9":1,"10":42},"f":{"0":42,"1":42,"2":1},"b":{"0":[4,38],"1":[42,40],"2":[2,36],"3":[2,40]},"meta":{"lastBranch":4,"lastFunction":3,"lastStatement":11,"seen":{"f:16:16:16:30":0,"s:24:24:24:Infinity":0,"s:27:24:35:Infinity":1,"f:27:24:27:30":1,"b:28:4:30:Infinity:undefined:undefined:undefined:undefined":0,"s:28:4:30:Infinity":2,"b:28:8:28:19:28:19:28:33":1,"s:29:6:29:Infinity":3,"b:31:4:33:Infinity:undefined:undefined:undefined:undefined":2,"s:31:4:33:Infinity":4,"s:32:6:32:Infinity":5,"s:34:4:34:Infinity":6,"s:37:29:41:Infinity":7,"f:37:29:37:30":2,"s:39:22:39:Infinity":8,"s:40:4:40:Infinity":9,"s:43:2:66:Infinity":10,"b:50:30:50:48:50:48:50:Infinity":3}}}
,"C:\\claude_project\\english-tutor\\shadow-tutor\\src\\components\\progress\\index.ts": {"path":"C:\\claude_project\\english-tutor\\shadow-tutor\\src\\components\\progress\\index.ts","statementMap":{},"fnMap":{},"branchMap":{},"s":{},"f":{},"b":{},"meta":{"lastBranch":0,"lastFunction":0,"lastStatement":0,"seen":{}}}
,"C:\\claude_project\\english-tutor\\shadow-tutor\\src\\components\\progress\\progress-bar.tsx": {"path":"C:\\claude_project\\english-tutor\\shadow-tutor\\src\\components\\progress\\progress-bar.tsx","statementMap":{"0":{"start":{"line":16,"column":8},"end":{"line":16,"column":null}},"1":{"start":{"line":16,"column":53},"end":{"line":16,"column":73}},"2":{"start":{"line":17,"column":8},"end":{"line":17,"column":null}},"3":{"start":{"line":17,"column":56},"end":{"line":17,"column":79}},"4":{"start":{"line":19,"column":25},"end":{"line":19,"column":null}},"5":{"start":{"line":20,"column":21},"end":{"line":20,"column":null}},"6":{"start":{"line":22,"column":24},"end":{"line":22,"column":null}},"7":{"start":{"line":24,"column":4},"end":{"line":24,"column":null}},"8":{"start":{"line":24,"column":50},"end":{"line":24,"column":74}},"9":{"start":{"line":26,"column":2},"end":{"line":59,"column":null}}},"fnMap":{"0":{"name":"ProgressBar","decl":{"start":{"line":15,"column":16},"end":{"line":15,"column":28}},"loc":{"start":{"line":15,"column":78},"end":{"line":61,"column":null}},"line":15},"1":{"name":"(anonymous_1)","decl":{"start":{"line":16,"column":42},"end":{"line":16,"column":43}},"loc":{"start":{"line":16,"column":53},"end":{"line":16,"column":73}},"line":16},"2":{"name":"(anonymous_2)","decl":{"start":{"line":17,"column":45},"end":{"line":17,"column":46}},"loc":{"start":{"line":17,"column":56},"end":{"line":17,"column":79}},"line":17},"3":{"name":"(anonymous_3)","decl":{"start":{"line":24,"column":43},"end":{"line":24,"column":44}},"loc":{"start":{"line":24,"column":50},"end":{"line":24,"column":74}},"line":24}},"branchMap":{"0":{"loc":{"start":{"line":15,"column":41},"end":{"line":15,"column":57}},"type":"default-arg","locations":[{"start":{"line":15,"column":52},"end":{"line":15,"column":57}}],"line":15},"1":{"loc":{"start":{"line":22,"column":24},"end":{"line":22,"column":null}},"type":"binary-expr","locations":[{"start":{"line":22,"column":24},"end":{"line":22,"column":57}},{"start":{"line":22,"column":57},"end":{"line":22,"column":null}}],"line":22},"2":{"loc":{"start":{"line":24,"column":4},"end":{"line":24,"column":null}},"type":"binary-expr","locations":[{"start":{"line":24,"column":4},"end":{"line":24,"column":86}},{"start":{"line":24,"column":86},"end":{"line":24,"column":null}}],"line":24},"3":{"loc":{"start":{"line":28,"column":7},"end":{"line":35,"column":null}},"type":"binary-expr","locations":[{"start":{"line":28,"column":7},"end":{"line":28,"column":null}},{"start":{"line":29,"column":8},"end":{"line":35,"column":null}}],"line":28},"4":{"loc":{"start":{"line":50,"column":12},"end":{"line":54,"column":null}},"type":"cond-expr","locations":[{"start":{"line":51,"column":16},"end":{"line":51,"column":null}},{"start":{"line":52,"column":16},"end":{"line":54,"column":null}}],"line":50},"5":{"loc":{"start":{"line":52,"column":16},"end":{"line":54,"column":null}},"type":"cond-expr","locations":[{"start":{"line":53,"column":18},"end":{"line":53,"column":null}},{"start":{"line":54,"column":18},"end":{"line":54,"column":null}}],"line":52}},"s":{"0":9,"1":9,"2":9,"3":9,"4":9,"5":9,"6":9,"7":9,"8":33,"9":9},"f":{"0":9,"1":9,"2":9,"3":33},"b":{"0":[9],"1":[9,1],"2":[9,1],"3":[9,9],"4":[1,8],"5":[0,8]},"meta":{"lastBranch":6,"lastFunction":4,"lastStatement":10,"seen":{"f:15:16:15:28":0,"b:15:52:15:57":0,"s:16:8:16:Infinity":0,"f:16:42:16:43":1,"s:16:53:16:73":1,"s:17:8:17:Infinity":2,"f:17:45:17:46":2,"s:17:56:17:79":3,"s:19:25:19:Infinity":4,"s:20:21:20:Infinity":5,"s:22:24:22:Infinity":6,"b:22:24:22:57:22:57:22:Infinity":1,"s:24:4:24:Infinity":7,"b:24:4:24:86:24:86:24:Infinity":2,"f:24:43:24:44":3,"s:24:50:24:74":8,"s:26:2:59:Infinity":9,"b:28:7:28:Infinity:29:8:35:Infinity":3,"b:51:16:51:Infinity:52:16:54:Infinity":4,"b:53:18:53:Infinity:54:18:54:Infinity":5}}}
,"C:\\claude_project\\english-tutor\\shadow-tutor\\src\\components\\progress\\resume-prompt.tsx": {"path":"C:\\claude_project\\english-tutor\\shadow-tutor\\src\\components\\progress\\resume-prompt.tsx","statementMap":{"0":{"start":{"line":36,"column":21},"end":{"line":36,"column":null}},"1":{"start":{"line":38,"column":2},"end":{"line":78,"column":null}}},"fnMap":{"0":{"name":"ResumePrompt","decl":{"start":{"line":27,"column":16},"end":{"line":27,"column":29}},"loc":{"start":{"line":35,"column":22},"end":{"line":80,"column":null}},"line":35}},"branchMap":{},"s":{"0":11,"1":11},"f":{"0":11},"b":{},"meta":{"lastBranch":0,"lastFunction":1,"lastStatement":2,"seen":{"f:27:16:27:29":0,"s:36:21:36:Infinity":0,"s:38:2:78:Infinity":1}}}
,"C:\\claude_project\\english-tutor\\shadow-tutor\\src\\components\\progress\\session-summary.tsx": {"path":"C:\\claude_project\\english-tutor\\shadow-tutor\\src\\components\\progress\\session-summary.tsx","statementMap":{"0":{"start":{"line":29,"column":2},"end":{"line":31,"column":null}},"1":{"start":{"line":30,"column":4},"end":{"line":30,"column":null}},"2":{"start":{"line":33,"column":16},"end":{"line":33,"column":null}},"3":{"start":{"line":34,"column":18},"end":{"line":34,"column":null}},"4":{"start":{"line":35,"column":27},"end":{"line":35,"column":null}},"5":{"start":{"line":37,"column":2},"end":{"line":42,"column":null}},"6":{"start":{"line":38,"column":4},"end":{"line":40,"column":null}},"7":{"start":{"line":39,"column":6},"end":{"line":39,"column":null}},"8":{"start":{"line":41,"column":4},"end":{"line":41,"column":null}},"9":{"start":{"line":44,"column":2},"end":{"line":46,"column":null}},"10":{"start":{"line":45,"column":4},"end":{"line":45,"column":null}},"11":{"start":{"line":48,"column":2},"end":{"line":48,"column":null}},"12":{"start":{"line":63,"column":25},"end":{"line":63,"column":null}},"13":{"start":{"line":64,"column":21},"end":{"line":64,"column":null}},"14":{"start":{"line":66,"column":2},"end":{"line":116,"column":null}}},"fnMap":{"0":{"name":"formatStudyTime","decl":{"start":{"line":28,"column":9},"end":{"line":28,"column":25}},"loc":{"start":{"line":28,"column":50},"end":{"line":49,"column":null}},"line":28},"1":{"name":"SessionSummary","decl":{"start":{"line":54,"column":16},"end":{"line":54,"column":31}},"loc":{"start":{"line":62,"column":24},"end":{"line":118,"column":null}},"line":62}},"branchMap":{"0":{"loc":{"start":{"line":29,"column":2},"end":{"line":31,"column":null}},"type":"if","locations":[{"start":{"line":29,"column":2},"end":{"line":31,"column":null}},{"start":{},"end":{}}],"line":29},"1":{"loc":{"start":{"line":37,"column":2},"end":{"line":42,"column":null}},"type":"if","locations":[{"start":{"line":37,"column":2},"end":{"line":42,"column":null}},{"start":{},"end":{}}],"line":37},"2":{"loc":{"start":{"line":38,"column":4},"end":{"line":40,"column":null}},"type":"if","locations":[{"start":{"line":38,"column":4},"end":{"line":40,"column":null}},{"start":{},"end":{}}],"line":38},"3":{"loc":{"start":{"line":39,"column":29},"end":{"line":39,"column":49}},"type":"cond-expr","locations":[{"start":{"line":39,"column":41},"end":{"line":39,"column":47}},{"start":{"line":39,"column":47},"end":{"line":39,"column":49}}],"line":39},"4":{"loc":{"start":{"line":41,"column":27},"end":{"line":41,"column":47}},"type":"cond-expr","locations":[{"start":{"line":41,"column":39},"end":{"line":41,"column":45}},{"start":{"line":41,"column":45},"end":{"line":41,"column":47}}],"line":41},"5":{"loc":{"start":{"line":44,"column":2},"end":{"line":46,"column":null}},"type":"if","locations":[{"start":{"line":44,"column":2},"end":{"line":46,"column":null}},{"start":{},"end":{}}],"line":44},"6":{"loc":{"start":{"line":44,"column":6},"end":{"line":44,"column":44}},"type":"binary-expr","locations":[{"start":{"line":44,"column":6},"end":{"line":44,"column":30}},{"start":{"line":44,"column":30},"end":{"line":44,"column":44}}],"line":44},"7":{"loc":{"start":{"line":63,"column":25},"end":{"line":63,"column":null}},"type":"cond-expr","locations":[{"start":{"line":63,"column":45},"end":{"line":63,"column":81}},{"start":{"line":63,"column":81},"end":{"line":63,"column":null}}],"line":63}},"s":{"0":12,"1":1,"2":11,"3":11,"4":11,"5":11,"6":11,"7":0,"8":11,"9":0,"10":0,"11":0,"12":12,"13":12,"14":12},"f":{"0":12,"1":12},"b":{"0":[1,11],"1":[11,0],"2":[0,11],"3":[0,0],"4":[0,11],"5":[0,0],"6":[0,0],"7":[12,0]},"meta":{"lastBranch":8,"lastFunction":2,"lastStatement":15,"seen":{"f:28:9:28:25":0,"b:29:2:31:Infinity:undefined:undefined:undefined:undefined":0,"s:29:2:31:Infinity":0,"s:30:4:30:Infinity":1,"s:33:16:33:Infinity":2,"s:34:18:34:Infinity":3,"s:35:27:35:Infinity":4,"b:37:2:42:Infinity:undefined:undefined:undefined:undefined":1,"s:37:2:42:Infinity":5,"b:38:4:40:Infinity:undefined:undefined:undefined:undefined":2,"s:38:4:40:Infinity":6,"s:39:6:39:Infinity":7,"b:39:41:39:47:39:47:39:49":3,"s:41:4:41:Infinity":8,"b:41:39:41:45:41:45:41:47":4,"b:44:2:46:Infinity:undefined:undefined:undefined:undefined":5,"s:44:2:46:Infinity":9,"b:44:6:44:30:44:30:44:44":6,"s:45:4:45:Infinity":10,"s:48:2:48:Infinity":11,"f:54:16:54:31":1,"s:63:25:63:Infinity":12,"b:63:45:63:81:63:81:63:Infinity":7,"s:64:21:64:Infinity":13,"s:66:2:116:Infinity":14}}}
,"C:\\claude_project\\english-tutor\\shadow-tutor\\src\\components\\settings\\index.ts": {"path":"C:\\claude_project\\english-tutor\\shadow-tutor\\src\\components\\settings\\index.ts","statementMap":{},"fnMap":{},"branchMap":{},"s":{},"f":{},"b":{},"meta":{"lastBranch":0,"lastFunction":0,"lastStatement":0,"seen":{}}}
,"C:\\claude_project\\english-tutor\\shadow-tutor\\src\\components\\settings\\reset-settings.tsx": {"path":"C:\\claude_project\\english-tutor\\shadow-tutor\\src\\components\\settings\\reset-settings.tsx","statementMap":{"0":{"start":{"line":26,"column":26},"end":{"line":26,"column":null}},"1":{"start":{"line":28,"column":24},"end":{"line":31,"column":null}},"2":{"start":{"line":29,"column":4},"end":{"line":29,"column":null}},"3":{"start":{"line":30,"column":4},"end":{"line":30,"column":null}},"4":{"start":{"line":33,"column":23},"end":{"line":35,"column":null}},"5":{"start":{"line":34,"column":4},"end":{"line":34,"column":null}},"6":{"start":{"line":37,"column":2},"end":{"line":63,"column":null}},"7":{"start":{"line":41,"column":23},"end":{"line":41,"column":null}}},"fnMap":{"0":{"name":"ResetSettings","decl":{"start":{"line":25,"column":16},"end":{"line":25,"column":30}},"loc":{"start":{"line":25,"column":74},"end":{"line":65,"column":null}},"line":25},"1":{"name":"(anonymous_1)","decl":{"start":{"line":28,"column":24},"end":{"line":28,"column":30}},"loc":{"start":{"line":28,"column":30},"end":{"line":31,"column":null}},"line":28},"2":{"name":"(anonymous_2)","decl":{"start":{"line":33,"column":23},"end":{"line":33,"column":29}},"loc":{"start":{"line":33,"column":29},"end":{"line":35,"column":null}},"line":33},"3":{"name":"(anonymous_3)","decl":{"start":{"line":41,"column":17},"end":{"line":41,"column":23}},"loc":{"start":{"line":41,"column":23},"end":{"line":41,"column":null}},"line":41}},"branchMap":{},"s":{"0":17,"1":17,"2":2,"3":2,"4":17,"5":2,"6":17,"7":6},"f":{"0":17,"1":2,"2":2,"3":6},"b":{},"meta":{"lastBranch":0,"lastFunction":4,"lastStatement":8,"seen":{"f:25:16:25:30":0,"s:26:26:26:Infinity":0,"s:28:24:31:Infinity":1,"f:28:24:28:30":1,"s:29:4:29:Infinity":2,"s:30:4:30:Infinity":3,"s:33:23:35:Infinity":4,"f:33:23:33:29":2,"s:34:4:34:Infinity":5,"s:37:2:63:Infinity":6,"f:41:17:41:23":3,"s:41:23:41:Infinity":7}}}
,"C:\\claude_project\\english-tutor\\shadow-tutor\\src\\components\\settings\\settings-header.tsx": {"path":"C:\\claude_project\\english-tutor\\shadow-tutor\\src\\components\\settings\\settings-header.tsx","statementMap":{"0":{"start":{"line":11,"column":8},"end":{"line":11,"column":null}},"1":{"start":{"line":13,"column":21},"end":{"line":15,"column":null}},"2":{"start":{"line":14,"column":4},"end":{"line":14,"column":null}},"3":{"start":{"line":17,"column":2},"end":{"line":31,"column":null}}},"fnMap":{"0":{"name":"SettingsHeader","decl":{"start":{"line":10,"column":16},"end":{"line":10,"column":33}},"loc":{"start":{"line":10,"column":33},"end":{"line":33,"column":null}},"line":10},"1":{"name":"(anonymous_1)","decl":{"start":{"line":13,"column":21},"end":{"line":13,"column":27}},"loc":{"start":{"line":13,"column":27},"end":{"line":15,"column":null}},"line":13}},"branchMap":{},"s":{"0":4,"1":4,"2":1,"3":4},"f":{"0":4,"1":1},"b":{},"meta":{"lastBranch":0,"lastFunction":2,"lastStatement":4,"seen":{"f:10:16:10:33":0,"s:11:8:11:Infinity":0,"s:13:21:15:Infinity":1,"f:13:21:13:27":1,"s:14:4:14:Infinity":2,"s:17:2:31:Infinity":3}}}
,"C:\\claude_project\\english-tutor\\shadow-tutor\\src\\components\\settings\\shadowing-section.tsx": {"path":"C:\\claude_project\\english-tutor\\shadow-tutor\\src\\components\\settings\\shadowing-section.tsx","statementMap":{"0":{"start":{"line":37,"column":36},"end":{"line":39,"column":null}},"1":{"start":{"line":38,"column":4},"end":{"line":38,"column":null}},"2":{"start":{"line":41,"column":32},"end":{"line":45,"column":null}},"3":{"start":{"line":42,"column":4},"end":{"line":44,"column":null}},"4":{"start":{"line":43,"column":6},"end":{"line":43,"column":null}},"5":{"start":{"line":47,"column":32},"end":{"line":51,"column":null}},"6":{"start":{"line":48,"column":4},"end":{"line":50,"column":null}},"7":{"start":{"line":49,"column":6},"end":{"line":49,"column":null}},"8":{"start":{"line":53,"column":34},"end":{"line":55,"column":null}},"9":{"start":{"line":54,"column":4},"end":{"line":54,"column":null}},"10":{"start":{"line":57,"column":8},"end":{"line":58,"column":null}},"11":{"start":{"line":60,"column":2},"end":{"line":139,"column":null}}},"fnMap":{"0":{"name":"ShadowingSection","decl":{"start":{"line":28,"column":16},"end":{"line":28,"column":33}},"loc":{"start":{"line":36,"column":26},"end":{"line":141,"column":null}},"line":36},"1":{"name":"(anonymous_1)","decl":{"start":{"line":37,"column":36},"end":{"line":37,"column":37}},"loc":{"start":{"line":37,"column":58},"end":{"line":39,"column":null}},"line":37},"2":{"name":"(anonymous_2)","decl":{"start":{"line":41,"column":32},"end":{"line":41,"column":38}},"loc":{"start":{"line":41,"column":38},"end":{"line":45,"column":null}},"line":41},"3":{"name":"(anonymous_3)","decl":{"start":{"line":47,"column":32},"end":{"line":47,"column":38}},"loc":{"start":{"line":47,"column":38},"end":{"line":51,"column":null}},"line":47},"4":{"name":"(anonymous_4)","decl":{"start":{"line":53,"column":34},"end":{"line":53,"column":35}},"loc":{"start":{"line":53,"column":56},"end":{"line":55,"column":null}},"line":53}},"branchMap":{"0":{"loc":{"start":{"line":42,"column":4},"end":{"line":44,"column":null}},"type":"if","locations":[{"start":{"line":42,"column":4},"end":{"line":44,"column":null}},{"start":{},"end":{}}],"line":42},"1":{"loc":{"start":{"line":48,"column":4},"end":{"line":50,"column":null}},"type":"if","locations":[{"start":{"line":48,"column":4},"end":{"line":50,"column":null}},{"start":{},"end":{}}],"line":48}},"s":{"0":12,"1":0,"2":12,"3":1,"4":1,"5":12,"6":1,"7":1,"8":12,"9":1,"10":12,"11":12},"f":{"0":12,"1":0,"2":1,"3":1,"4":1},"b":{"0":[1,0],"1":[1,0]},"meta":{"lastBranch":2,"lastFunction":5,"lastStatement":12,"seen":{"f:28:16:28:33":0,"s:37:36:39:Infinity":0,"f:37:36:37:37":1,"s:38:4:38:Infinity":1,"s:41:32:45:Infinity":2,"f:41:32:41:38":2,"b:42:4:44:Infinity:undefined:undefined:undefined:undefined":0,"s:42:4:44:Infinity":3,"s:43:6:43:Infinity":4,"s:47:32:51:Infinity":5,"f:47:32:47:38":3,"b:48:4:50:Infinity:undefined:undefined:undefined:undefined":1,"s:48:4:50:Infinity":6,"s:49:6:49:Infinity":7,"s:53:34:55:Infinity":8,"f:53:34:53:35":4,"s:54:4:54:Infinity":9,"s:57:8:58:Infinity":10,"s:60:2:139:Infinity":11}}}
,"C:\\claude_project\\english-tutor\\shadow-tutor\\src\\components\\settings\\tts-settings.tsx": {"path":"C:\\claude_project\\english-tutor\\shadow-tutor\\src\\components\\settings\\tts-settings.tsx","statementMap":{"0":{"start":{"line":30,"column":22},"end":{"line":30,"column":null}},"1":{"start":{"line":46,"column":34},"end":{"line":48,"column":null}},"2":{"start":{"line":47,"column":4},"end":{"line":47,"column":null}},"3":{"start":{"line":50,"column":35},"end":{"line":52,"column":null}},"4":{"start":{"line":51,"column":4},"end":{"line":51,"column":null}},"5":{"start":{"line":54,"column":24},"end":{"line":62,"column":null}},"6":{"start":{"line":55,"column":4},"end":{"line":57,"column":null}},"7":{"start":{"line":56,"column":6},"end":{"line":56,"column":null}},"8":{"start":{"line":58,"column":4},"end":{"line":60,"column":null}},"9":{"start":{"line":59,"column":6},"end":{"line":59,"column":null}},"10":{"start":{"line":61,"column":4},"end":{"line":61,"column":null}},"11":{"start":{"line":64,"column":24},"end":{"line":64,"column":null}},"12":{"start":{"line":66,"column":2},"end":{"line":156,"column":null}},"13":{"start":{"line":75,"column":54},"end":{"line":75,"column":null}},"14":{"start":{"line":81,"column":16},"end":{"line":88,"column":null}},"15":{"start":{"line":113,"column":14},"end":{"line":121,"column":null}},"16":{"start":{"line":117,"column":31},"end":{"line":117,"column":null}}},"fnMap":{"0":{"name":"TTSSettings","decl":{"start":{"line":35,"column":16},"end":{"line":35,"column":28}},"loc":{"start":{"line":45,"column":21},"end":{"line":158,"column":null}},"line":45},"1":{"name":"(anonymous_1)","decl":{"start":{"line":46,"column":34},"end":{"line":46,"column":35}},"loc":{"start":{"line":46,"column":56},"end":{"line":48,"column":null}},"line":46},"2":{"name":"(anonymous_2)","decl":{"start":{"line":50,"column":35},"end":{"line":50,"column":36}},"loc":{"start":{"line":50,"column":57},"end":{"line":52,"column":null}},"line":50},"3":{"name":"(anonymous_3)","decl":{"start":{"line":54,"column":24},"end":{"line":54,"column":30}},"loc":{"start":{"line":54,"column":30},"end":{"line":62,"column":null}},"line":54},"4":{"name":"(anonymous_4)","decl":{"start":{"line":75,"column":47},"end":{"line":75,"column":48}},"loc":{"start":{"line":75,"column":54},"end":{"line":75,"column":null}},"line":75},"5":{"name":"(anonymous_5)","decl":{"start":{"line":80,"column":26},"end":{"line":80,"column":27}},"loc":{"start":{"line":81,"column":16},"end":{"line":88,"column":null}},"line":81},"6":{"name":"(anonymous_6)","decl":{"start":{"line":112,"column":31},"end":{"line":112,"column":32}},"loc":{"start":{"line":113,"column":14},"end":{"line":121,"column":null}},"line":113},"7":{"name":"(anonymous_7)","decl":{"start":{"line":117,"column":25},"end":{"line":117,"column":31}},"loc":{"start":{"line":117,"column":31},"end":{"line":117,"column":null}},"line":117}},"branchMap":{"0":{"loc":{"start":{"line":55,"column":4},"end":{"line":57,"column":null}},"type":"if","locations":[{"start":{"line":55,"column":4},"end":{"line":57,"column":null}},{"start":{},"end":{}}],"line":55},"1":{"loc":{"start":{"line":55,"column":8},"end":{"line":55,"column":33}},"type":"binary-expr","locations":[{"start":{"line":55,"column":8},"end":{"line":55,"column":19}},{"start":{"line":55,"column":19},"end":{"line":55,"column":33}}],"line":55},"2":{"loc":{"start":{"line":58,"column":4},"end":{"line":60,"column":null}},"type":"if","locations":[{"start":{"line":58,"column":4},"end":{"line":60,"column":null}},{"start":{},"end":{}}],"line":58},"3":{"loc":{"start":{"line":115,"column":25},"end":{"line":115,"column":null}},"type":"cond-expr","locations":[{"start":{"line":115,"column":44},"end":{"line":115,"column":56}},{"start":{"line":115,"column":56},"end":{"line":115,"column":null}}],"line":115},"4":{"loc":{"start":{"line":139,"column":26},"end":{"line":139,"column":null}},"type":"cond-expr","locations":[{"start":{"line":139,"column":36},"end":{"line":139,"column":54}},{"start":{"line":139,"column":54},"end":{"line":139,"column":null}}],"line":139}},"s":{"0":1,"1":9,"2":0,"3":9,"4":0,"5":9,"6":9,"7":1,"8":8,"9":0,"10":8,"11":9,"12":9,"13":1,"14":54,"15":54,"16":1},"f":{"0":9,"1":0,"2":0,"3":9,"4":1,"5":54,"6":54,"7":1},"b":{"0":[1,8],"1":[9,8],"2":[0,8],"3":[9,45],"4":[1,8]},"meta":{"lastBranch":5,"lastFunction":8,"lastStatement":17,"seen":{"s:30:22:30:Infinity":0,"f:35:16:35:28":0,"s:46:34:48:Infinity":1,"f:46:34:46:35":1,"s:47:4:47:Infinity":2,"s:50:35:52:Infinity":3,"f:50:35:50:36":2,"s:51:4:51:Infinity":4,"s:54:24:62:Infinity":5,"f:54:24:54:30":3,"b:55:4:57:Infinity:undefined:undefined:undefined:undefined":0,"s:55:4:57:Infinity":6,"b:55:8:55:19:55:19:55:33":1,"s:56:6:56:Infinity":7,"b:58:4:60:Infinity:undefined:undefined:undefined:undefined":2,"s:58:4:60:Infinity":8,"s:59:6:59:Infinity":9,"s:61:4:61:Infinity":10,"s:64:24:64:Infinity":11,"s:66:2:156:Infinity":12,"f:75:47:75:48":4,"s:75:54:75:Infinity":13,"f:80:26:80:27":5,"s:81:16:88:Infinity":14,"f:112:31:112:32":6,"s:113:14:121:Infinity":15,"b:115:44:115:56:115:56:115:Infinity":3,"f:117:25:117:31":7,"s:117:31:117:Infinity":16,"b:139:36:139:54:139:54:139:Infinity":4}}}
,"C:\\claude_project\\english-tutor\\shadow-tutor\\src\\components\\ui\\alert-dialog.tsx": {"path":"C:\\claude_project\\english-tutor\\shadow-tutor\\src\\components\\ui\\alert-dialog.tsx","statementMap":{"0":{"start":{"line":8,"column":20},"end":{"line":8,"column":null}},"1":{"start":{"line":10,"column":27},"end":{"line":10,"column":null}},"2":{"start":{"line":12,"column":26},"end":{"line":12,"column":null}},"3":{"start":{"line":14,"column":27},"end":{"line":26,"column":null}},"4":{"start":{"line":18,"column":2},"end":{"line":25,"column":null}},"5":{"start":{"line":27,"column":0},"end":{"line":27,"column":null}},"6":{"start":{"line":29,"column":27},"end":{"line":44,"column":null}},"7":{"start":{"line":33,"column":2},"end":{"line":43,"column":null}},"8":{"start":{"line":45,"column":0},"end":{"line":45,"column":null}},"9":{"start":{"line":47,"column":26},"end":{"line":57,"column":null}},"10":{"start":{"line":51,"column":2},"end":{"line":57,"column":null}},"11":{"start":{"line":59,"column":0},"end":{"line":59,"column":null}},"12":{"start":{"line":61,"column":26},"end":{"line":71,"column":null}},"13":{"start":{"line":65,"column":2},"end":{"line":71,"column":null}},"14":{"start":{"line":73,"column":0},"end":{"line":73,"column":null}},"15":{"start":{"line":75,"column":25},"end":{"line":84,"column":null}},"16":{"start":{"line":79,"column":2},"end":{"line":83,"column":null}},"17":{"start":{"line":85,"column":0},"end":{"line":85,"column":null}},"18":{"start":{"line":87,"column":31},"end":{"line":96,"column":null}},"19":{"start":{"line":91,"column":2},"end":{"line":95,"column":null}},"20":{"start":{"line":97,"column":0},"end":{"line":98,"column":null}},"21":{"start":{"line":100,"column":26},"end":{"line":109,"column":null}},"22":{"start":{"line":104,"column":2},"end":{"line":108,"column":null}},"23":{"start":{"line":110,"column":0},"end":{"line":110,"column":null}},"24":{"start":{"line":112,"column":26},"end":{"line":125,"column":null}},"25":{"start":{"line":116,"column":2},"end":{"line":124,"column":null}},"26":{"start":{"line":126,"column":0},"end":{"line":126,"column":null}}},"fnMap":{"0":{"name":"(anonymous_0)","decl":{"start":{"line":17,"column":2},"end":{"line":17,"column":3}},"loc":{"start":{"line":18,"column":2},"end":{"line":25,"column":null}},"line":18},"1":{"name":"(anonymous_1)","decl":{"start":{"line":32,"column":2},"end":{"line":32,"column":3}},"loc":{"start":{"line":33,"column":2},"end":{"line":43,"column":null}},"line":33},"2":{"name":"(anonymous_2)","decl":{"start":{"line":47,"column":26},"end":{"line":47,"column":27}},"loc":{"start":{"line":51,"column":2},"end":{"line":57,"column":null}},"line":51},"3":{"name":"(anonymous_3)","decl":{"start":{"line":61,"column":26},"end":{"line":61,"column":27}},"loc":{"start":{"line":65,"column":2},"end":{"line":71,"column":null}},"line":65},"4":{"name":"(anonymous_4)","decl":{"start":{"line":78,"column":2},"end":{"line":78,"column":3}},"loc":{"start":{"line":79,"column":2},"end":{"line":83,"column":null}},"line":79},"5":{"name":"(anonymous_5)","decl":{"start":{"line":90,"column":2},"end":{"line":90,"column":3}},"loc":{"start":{"line":91,"column":2},"end":{"line":95,"column":null}},"line":91},"6":{"name":"(anonymous_6)","decl":{"start":{"line":103,"column":2},"end":{"line":103,"column":3}},"loc":{"start":{"line":104,"column":2},"end":{"line":108,"column":null}},"line":104},"7":{"name":"(anonymous_7)","decl":{"start":{"line":115,"column":2},"end":{"line":115,"column":3}},"loc":{"start":{"line":116,"column":2},"end":{"line":124,"column":null}},"line":116}},"branchMap":{},"s":{"0":3,"1":3,"2":3,"3":3,"4":58,"5":3,"6":3,"7":40,"8":3,"9":3,"10":31,"11":3,"12":3,"13":31,"14":3,"15":3,"16":31,"17":3,"18":3,"19":31,"20":3,"21":3,"22":31,"23":3,"24":3,"25":31,"26":3},"f":{"0":58,"1":40,"2":31,"3":31,"4":31,"5":31,"6":31,"7":31},"b":{},"meta":{"lastBranch":0,"lastFunction":8,"lastStatement":27,"seen":{"s:8:20:8:Infinity":0,"s:10:27:10:Infinity":1,"s:12:26:12:Infinity":2,"s:14:27:26:Infinity":3,"f:17:2:17:3":0,"s:18:2:25:Infinity":4,"s:27:0:27:Infinity":5,"s:29:27:44:Infinity":6,"f:32:2:32:3":1,"s:33:2:43:Infinity":7,"s:45:0:45:Infinity":8,"s:47:26:57:Infinity":9,"f:47:26:47:27":2,"s:51:2:57:Infinity":10,"s:59:0:59:Infinity":11,"s:61:26:71:Infinity":12,"f:61:26:61:27":3,"s:65:2:71:Infinity":13,"s:73:0:73:Infinity":14,"s:75:25:84:Infinity":15,"f:78:2:78:3":4,"s:79:2:83:Infinity":16,"s:85:0:85:Infinity":17,"s:87:31:96:Infinity":18,"f:90:2:90:3":5,"s:91:2:95:Infinity":19,"s:97:0:98:Infinity":20,"s:100:26:109:Infinity":21,"f:103:2:103:3":6,"s:104:2:108:Infinity":22,"s:110:0:110:Infinity":23,"s:112:26:125:Infinity":24,"f:115:2:115:3":7,"s:116:2:124:Infinity":25,"s:126:0:126:Infinity":26}}}
,"C:\\claude_project\\english-tutor\\shadow-tutor\\src\\components\\ui\\button.tsx": {"path":"C:\\claude_project\\english-tutor\\shadow-tutor\\src\\components\\ui\\button.tsx","statementMap":{"0":{"start":{"line":7,"column":6},"end":{"line":35,"column":null}},"1":{"start":{"line":43,"column":15},"end":{"line":54,"column":null}},"2":{"start":{"line":45,"column":17},"end":{"line":45,"column":null}},"3":{"start":{"line":46,"column":4},"end":{"line":51,"column":null}},"4":{"start":{"line":55,"column":0},"end":{"line":55,"column":null}}},"fnMap":{"0":{"name":"(anonymous_0)","decl":{"start":{"line":44,"column":2},"end":{"line":44,"column":3}},"loc":{"start":{"line":44,"column":68},"end":{"line":53,"column":null}},"line":44}},"branchMap":{"0":{"loc":{"start":{"line":44,"column":31},"end":{"line":44,"column":48}},"type":"default-arg","locations":[{"start":{"line":44,"column":41},"end":{"line":44,"column":48}}],"line":44},"1":{"loc":{"start":{"line":45,"column":17},"end":{"line":45,"column":null}},"type":"cond-expr","locations":[{"start":{"line":45,"column":27},"end":{"line":45,"column":34}},{"start":{"line":45,"column":34},"end":{"line":45,"column":null}}],"line":45}},"s":{"0":13,"1":13,"2":466,"3":466,"4":13},"f":{"0":466},"b":{"0":[466],"1":[0,466]},"meta":{"lastBranch":2,"lastFunction":1,"lastStatement":5,"seen":{"s:7:6:35:Infinity":0,"s:43:15:54:Infinity":1,"f:44:2:44:3":0,"b:44:41:44:48":0,"s:45:17:45:Infinity":2,"b:45:27:45:34:45:34:45:Infinity":1,"s:46:4:51:Infinity":3,"s:55:0:55:Infinity":4}}}
,"C:\\claude_project\\english-tutor\\shadow-tutor\\src\\components\\ui\\card.tsx": {"path":"C:\\claude_project\\english-tutor\\shadow-tutor\\src\\components\\ui\\card.tsx","statementMap":{"0":{"start":{"line":5,"column":13},"end":{"line":17,"column":null}},"1":{"start":{"line":9,"column":2},"end":{"line":16,"column":null}},"2":{"start":{"line":18,"column":0},"end":{"line":18,"column":null}},"3":{"start":{"line":20,"column":19},"end":{"line":29,"column":null}},"4":{"start":{"line":24,"column":2},"end":{"line":28,"column":null}},"5":{"start":{"line":30,"column":0},"end":{"line":30,"column":null}},"6":{"start":{"line":32,"column":18},"end":{"line":41,"column":null}},"7":{"start":{"line":36,"column":2},"end":{"line":40,"column":null}},"8":{"start":{"line":42,"column":0},"end":{"line":42,"column":null}},"9":{"start":{"line":44,"column":24},"end":{"line":53,"column":null}},"10":{"start":{"line":48,"column":2},"end":{"line":52,"column":null}},"11":{"start":{"line":54,"column":0},"end":{"line":54,"column":null}},"12":{"start":{"line":56,"column":20},"end":{"line":61,"column":null}},"13":{"start":{"line":60,"column":2},"end":{"line":60,"column":null}},"14":{"start":{"line":62,"column":0},"end":{"line":62,"column":null}},"15":{"start":{"line":64,"column":19},"end":{"line":73,"column":null}},"16":{"start":{"line":68,"column":2},"end":{"line":72,"column":null}},"17":{"start":{"line":74,"column":0},"end":{"line":74,"column":null}}},"fnMap":{"0":{"name":"(anonymous_0)","decl":{"start":{"line":8,"column":2},"end":{"line":8,"column":3}},"loc":{"start":{"line":9,"column":2},"end":{"line":16,"column":null}},"line":9},"1":{"name":"(anonymous_1)","decl":{"start":{"line":23,"column":2},"end":{"line":23,"column":3}},"loc":{"start":{"line":24,"column":2},"end":{"line":28,"column":null}},"line":24},"2":{"name":"(anonymous_2)","decl":{"start":{"line":35,"column":2},"end":{"line":35,"column":3}},"loc":{"start":{"line":36,"column":2},"end":{"line":40,"column":null}},"line":36},"3":{"name":"(anonymous_3)","decl":{"start":{"line":47,"column":2},"end":{"line":47,"column":3}},"loc":{"start":{"line":48,"column":2},"end":{"line":52,"column":null}},"line":48},"4":{"name":"(anonymous_4)","decl":{"start":{"line":59,"column":2},"end":{"line":59,"column":3}},"loc":{"start":{"line":60,"column":2},"end":{"line":60,"column":null}},"line":60},"5":{"name":"(anonymous_5)","decl":{"start":{"line":67,"column":2},"end":{"line":67,"column":3}},"loc":{"start":{"line":68,"column":2},"end":{"line":72,"column":null}},"line":68}},"branchMap":{},"s":{"0":9,"1":132,"2":9,"3":9,"4":78,"5":9,"6":9,"7":78,"8":9,"9":9,"10":0,"11":9,"12":9,"13":119,"14":9,"15":9,"16":0,"17":9},"f":{"0":132,"1":78,"2":78,"3":0,"4":119,"5":0},"b":{},"meta":{"lastBranch":0,"lastFunction":6,"lastStatement":18,"seen":{"s:5:13:17:Infinity":0,"f:8:2:8:3":0,"s:9:2:16:Infinity":1,"s:18:0:18:Infinity":2,"s:20:19:29:Infinity":3,"f:23:2:23:3":1,"s:24:2:28:Infinity":4,"s:30:0:30:Infinity":5,"s:32:18:41:Infinity":6,"f:35:2:35:3":2,"s:36:2:40:Infinity":7,"s:42:0:42:Infinity":8,"s:44:24:53:Infinity":9,"f:47:2:47:3":3,"s:48:2:52:Infinity":10,"s:54:0:54:Infinity":11,"s:56:20:61:Infinity":12,"f:59:2:59:3":4,"s:60:2:60:Infinity":13,"s:62:0:62:Infinity":14,"s:64:19:73:Infinity":15,"f:67:2:67:3":5,"s:68:2:72:Infinity":16,"s:74:0:74:Infinity":17}}}
,"C:\\claude_project\\english-tutor\\shadow-tutor\\src\\components\\ui\\select.tsx": {"path":"C:\\claude_project\\english-tutor\\shadow-tutor\\src\\components\\ui\\select.tsx","statementMap":{"0":{"start":{"line":9,"column":15},"end":{"line":9,"column":null}},"1":{"start":{"line":11,"column":20},"end":{"line":11,"column":null}},"2":{"start":{"line":13,"column":20},"end":{"line":13,"column":null}},"3":{"start":{"line":15,"column":22},"end":{"line":32,"column":null}},"4":{"start":{"line":19,"column":2},"end":{"line":31,"column":null}},"5":{"start":{"line":33,"column":0},"end":{"line":33,"column":null}},"6":{"start":{"line":35,"column":29},"end":{"line":49,"column":null}},"7":{"start":{"line":39,"column":2},"end":{"line":48,"column":null}},"8":{"start":{"line":50,"column":0},"end":{"line":50,"column":null}},"9":{"start":{"line":52,"column":31},"end":{"line":66,"column":null}},"10":{"start":{"line":56,"column":2},"end":{"line":65,"column":null}},"11":{"start":{"line":67,"column":0},"end":{"line":68,"column":null}},"12":{"start":{"line":70,"column":22},"end":{"line":99,"column":null}},"13":{"start":{"line":74,"column":2},"end":{"line":98,"column":null}},"14":{"start":{"line":100,"column":0},"end":{"line":100,"column":null}},"15":{"start":{"line":102,"column":20},"end":{"line":111,"column":null}},"16":{"start":{"line":106,"column":2},"end":{"line":110,"column":null}},"17":{"start":{"line":112,"column":0},"end":{"line":112,"column":null}},"18":{"start":{"line":114,"column":19},"end":{"line":133,"column":null}},"19":{"start":{"line":118,"column":2},"end":{"line":132,"column":null}},"20":{"start":{"line":134,"column":0},"end":{"line":134,"column":null}},"21":{"start":{"line":136,"column":24},"end":{"line":145,"column":null}},"22":{"start":{"line":140,"column":2},"end":{"line":144,"column":null}},"23":{"start":{"line":146,"column":0},"end":{"line":146,"column":null}}},"fnMap":{"0":{"name":"(anonymous_0)","decl":{"start":{"line":18,"column":2},"end":{"line":18,"column":3}},"loc":{"start":{"line":19,"column":2},"end":{"line":31,"column":null}},"line":19},"1":{"name":"(anonymous_1)","decl":{"start":{"line":38,"column":2},"end":{"line":38,"column":3}},"loc":{"start":{"line":39,"column":2},"end":{"line":48,"column":null}},"line":39},"2":{"name":"(anonymous_2)","decl":{"start":{"line":55,"column":2},"end":{"line":55,"column":3}},"loc":{"start":{"line":56,"column":2},"end":{"line":65,"column":null}},"line":56},"3":{"name":"(anonymous_3)","decl":{"start":{"line":73,"column":2},"end":{"line":73,"column":3}},"loc":{"start":{"line":74,"column":2},"end":{"line":98,"column":null}},"line":74},"4":{"name":"(anonymous_4)","decl":{"start":{"line":105,"column":2},"end":{"line":105,"column":3}},"loc":{"start":{"line":106,"column":2},"end":{"line":110,"column":null}},"line":106},"5":{"name":"(anonymous_5)","decl":{"start":{"line":117,"column":2},"end":{"line":117,"column":3}},"loc":{"start":{"line":118,"column":2},"end":{"line":132,"column":null}},"line":118},"6":{"name":"(anonymous_6)","decl":{"start":{"line":139,"column":2},"end":{"line":139,"column":3}},"loc":{"start":{"line":140,"column":2},"end":{"line":144,"column":null}},"line":140}},"branchMap":{"0":{"loc":{"start":{"line":73,"column":26},"end":{"line":73,"column":47}},"type":"default-arg","locations":[{"start":{"line":73,"column":37},"end":{"line":73,"column":47}}],"line":73},"1":{"loc":{"start":{"line":79,"column":8},"end":{"line":80,"column":null}},"type":"binary-expr","locations":[{"start":{"line":79,"column":8},"end":{"line":79,"column":null}},{"start":{"line":80,"column":10},"end":{"line":80,"column":null}}],"line":79},"2":{"loc":{"start":{"line":90,"column":10},"end":{"line":91,"column":null}},"type":"binary-expr","locations":[{"start":{"line":90,"column":10},"end":{"line":90,"column":null}},{"start":{"line":91,"column":12},"end":{"line":91,"column":null}}],"line":90}},"s":{"0":3,"1":3,"2":3,"3":3,"4":38,"5":3,"6":3,"7":46,"8":3,"9":3,"10":46,"11":3,"12":3,"13":38,"14":3,"15":3,"16":0,"17":3,"18":3,"19":234,"20":3,"21":3,"22":0,"23":3},"f":{"0":38,"1":46,"2":46,"3":38,"4":0,"5":234,"6":0},"b":{"0":[38],"1":[38,38],"2":[38,38]},"meta":{"lastBranch":3,"lastFunction":7,"lastStatement":24,"seen":{"s:9:15:9:Infinity":0,"s:11:20:11:Infinity":1,"s:13:20:13:Infinity":2,"s:15:22:32:Infinity":3,"f:18:2:18:3":0,"s:19:2:31:Infinity":4,"s:33:0:33:Infinity":5,"s:35:29:49:Infinity":6,"f:38:2:38:3":1,"s:39:2:48:Infinity":7,"s:50:0:50:Infinity":8,"s:52:31:66:Infinity":9,"f:55:2:55:3":2,"s:56:2:65:Infinity":10,"s:67:0:68:Infinity":11,"s:70:22:99:Infinity":12,"f:73:2:73:3":3,"s:74:2:98:Infinity":13,"b:73:37:73:47":0,"b:79:8:79:Infinity:80:10:80:Infinity":1,"b:90:10:90:Infinity:91:12:91:Infinity":2,"s:100:0:100:Infinity":14,"s:102:20:111:Infinity":15,"f:105:2:105:3":4,"s:106:2:110:Infinity":16,"s:112:0:112:Infinity":17,"s:114:19:133:Infinity":18,"f:117:2:117:3":5,"s:118:2:132:Infinity":19,"s:134:0:134:Infinity":20,"s:136:24:145:Infinity":21,"f:139:2:139:3":6,"s:140:2:144:Infinity":22,"s:146:0:146:Infinity":23}}}
,"C:\\claude_project\\english-tutor\\shadow-tutor\\src\\components\\ui\\slider.tsx": {"path":"C:\\claude_project\\english-tutor\\shadow-tutor\\src\\components\\ui\\slider.tsx","statementMap":{"0":{"start":{"line":16,"column":18},"end":{"line":24,"column":null}},"1":{"start":{"line":18,"column":6},"end":{"line":22,"column":null}},"2":{"start":{"line":26,"column":2},"end":{"line":59,"column":null}},"3":{"start":{"line":53,"column":8},"end":{"line":57,"column":null}}},"fnMap":{"0":{"name":"Slider","decl":{"start":{"line":8,"column":9},"end":{"line":8,"column":16}},"loc":{"start":{"line":15,"column":54},"end":{"line":61,"column":null}},"line":15},"1":{"name":"(anonymous_1)","decl":{"start":{"line":17,"column":4},"end":{"line":17,"column":null}},"loc":{"start":{"line":18,"column":6},"end":{"line":22,"column":null}},"line":18},"2":{"name":"(anonymous_2)","decl":{"start":{"line":52,"column":46},"end":{"line":52,"column":47}},"loc":{"start":{"line":53,"column":8},"end":{"line":57,"column":null}},"line":53}},"branchMap":{"0":{"loc":{"start":{"line":12,"column":2},"end":{"line":12,"column":null}},"type":"default-arg","locations":[{"start":{"line":12,"column":8},"end":{"line":12,"column":null}}],"line":12},"1":{"loc":{"start":{"line":13,"column":2},"end":{"line":13,"column":null}},"type":"default-arg","locations":[{"start":{"line":13,"column":8},"end":{"line":13,"column":null}}],"line":13},"2":{"loc":{"start":{"line":18,"column":6},"end":{"line":22,"column":null}},"type":"cond-expr","locations":[{"start":{"line":19,"column":10},"end":{"line":19,"column":null}},{"start":{"line":20,"column":10},"end":{"line":22,"column":null}}],"line":18},"3":{"loc":{"start":{"line":20,"column":10},"end":{"line":22,"column":null}},"type":"cond-expr","locations":[{"start":{"line":21,"column":12},"end":{"line":21,"column":null}},{"start":{"line":22,"column":12},"end":{"line":22,"column":null}}],"line":20}},"s":{"0":151,"1":151,"2":151,"3":151},"f":{"0":151,"1":151,"2":151},"b":{"0":[151],"1":[151],"2":[151,0],"3":[0,0]},"meta":{"lastBranch":4,"lastFunction":3,"lastStatement":4,"seen":{"f:8:9:8:16":0,"b:12:8:12:Infinity":0,"b:13:8:13:Infinity":1,"s:16:18:24:Infinity":0,"f:17:4:17:Infinity":1,"s:18:6:22:Infinity":1,"b:19:10:19:Infinity:20:10:22:Infinity":2,"b:21:12:21:Infinity:22:12:22:Infinity":3,"s:26:2:59:Infinity":2,"f:52:46:52:47":2,"s:53:8:57:Infinity":3}}}
,"C:\\claude_project\\english-tutor\\shadow-tutor\\src\\components\\ui\\switch.tsx": {"path":"C:\\claude_project\\english-tutor\\shadow-tutor\\src\\components\\ui\\switch.tsx","statementMap":{"0":{"start":{"line":16,"column":15},"end":{"line":50,"column":null}},"1":{"start":{"line":18,"column":24},"end":{"line":22,"column":null}},"2":{"start":{"line":19,"column":6},"end":{"line":21,"column":null}},"3":{"start":{"line":20,"column":8},"end":{"line":20,"column":null}},"4":{"start":{"line":24,"column":4},"end":{"line":47,"column":null}},"5":{"start":{"line":52,"column":0},"end":{"line":52,"column":null}}},"fnMap":{"0":{"name":"(anonymous_0)","decl":{"start":{"line":17,"column":2},"end":{"line":17,"column":3}},"loc":{"start":{"line":17,"column":80},"end":{"line":49,"column":null}},"line":17},"1":{"name":"(anonymous_1)","decl":{"start":{"line":18,"column":24},"end":{"line":18,"column":30}},"loc":{"start":{"line":18,"column":30},"end":{"line":22,"column":null}},"line":18}},"branchMap":{"0":{"loc":{"start":{"line":17,"column":16},"end":{"line":17,"column":33}},"type":"default-arg","locations":[{"start":{"line":17,"column":26},"end":{"line":17,"column":33}}],"line":17},"1":{"loc":{"start":{"line":19,"column":6},"end":{"line":21,"column":null}},"type":"if","locations":[{"start":{"line":19,"column":6},"end":{"line":21,"column":null}},{"start":{},"end":{}}],"line":19},"2":{"loc":{"start":{"line":36,"column":10},"end":{"line":36,"column":null}},"type":"cond-expr","locations":[{"start":{"line":36,"column":20},"end":{"line":36,"column":35}},{"start":{"line":36,"column":35},"end":{"line":36,"column":null}}],"line":36},"3":{"loc":{"start":{"line":44,"column":12},"end":{"line":44,"column":null}},"type":"cond-expr","locations":[{"start":{"line":44,"column":22},"end":{"line":44,"column":40}},{"start":{"line":44,"column":40},"end":{"line":44,"column":null}}],"line":44}},"s":{"0":2,"1":32,"2":2,"3":2,"4":32,"5":2},"f":{"0":32,"1":2},"b":{"0":[32],"1":[2,0],"2":[30,2],"3":[30,2]},"meta":{"lastBranch":4,"lastFunction":2,"lastStatement":6,"seen":{"s:16:15:50:Infinity":0,"f:17:2:17:3":0,"b:17:26:17:33":0,"s:18:24:22:Infinity":1,"f:18:24:18:30":1,"b:19:6:21:Infinity:undefined:undefined:undefined:undefined":1,"s:19:6:21:Infinity":2,"s:20:8:20:Infinity":3,"s:24:4:47:Infinity":4,"b:36:20:36:35:36:35:36:Infinity":2,"b:44:22:44:40:44:40:44:Infinity":3,"s:52:0:52:Infinity":5}}}
,"C:\\claude_project\\english-tutor\\shadow-tutor\\src\\components\\upload\\file-dropzone.tsx": {"path":"C:\\claude_project\\english-tutor\\shadow-tutor\\src\\components\\upload\\file-dropzone.tsx","statementMap":{"0":{"start":{"line":8,"column":22},"end":{"line":8,"column":null}},"1":{"start":{"line":37,"column":38},"end":{"line":37,"column":null}},"2":{"start":{"line":38,"column":19},"end":{"line":38,"column":null}},"3":{"start":{"line":43,"column":22},"end":{"line":66,"column":null}},"4":{"start":{"line":46,"column":6},"end":{"line":49,"column":null}},"5":{"start":{"line":47,"column":8},"end":{"line":47,"column":null}},"6":{"start":{"line":48,"column":8},"end":{"line":48,"column":null}},"7":{"start":{"line":52,"column":6},"end":{"line":55,"column":null}},"8":{"start":{"line":53,"column":8},"end":{"line":53,"column":null}},"9":{"start":{"line":54,"column":8},"end":{"line":54,"column":null}},"10":{"start":{"line":58,"column":6},"end":{"line":63,"column":null}},"11":{"start":{"line":59,"column":24},"end":{"line":59,"column":null}},"12":{"start":{"line":60,"column":8},"end":{"line":60,"column":null}},"13":{"start":{"line":62,"column":8},"end":{"line":62,"column":null}},"14":{"start":{"line":71,"column":27},"end":{"line":81,"column":null}},"15":{"start":{"line":73,"column":19},"end":{"line":73,"column":null}},"16":{"start":{"line":74,"column":6},"end":{"line":76,"column":null}},"17":{"start":{"line":75,"column":8},"end":{"line":75,"column":null}},"18":{"start":{"line":78,"column":6},"end":{"line":78,"column":null}},"19":{"start":{"line":86,"column":26},"end":{"line":95,"column":null}},"20":{"start":{"line":88,"column":6},"end":{"line":88,"column":null}},"21":{"start":{"line":89,"column":6},"end":{"line":89,"column":null}},"22":{"start":{"line":90,"column":6},"end":{"line":92,"column":null}},"23":{"start":{"line":91,"column":8},"end":{"line":91,"column":null}},"24":{"start":{"line":97,"column":26},"end":{"line":104,"column":null}},"25":{"start":{"line":99,"column":6},"end":{"line":99,"column":null}},"26":{"start":{"line":100,"column":6},"end":{"line":100,"column":null}},"27":{"start":{"line":101,"column":6},"end":{"line":101,"column":null}},"28":{"start":{"line":106,"column":25},"end":{"line":112,"column":null}},"29":{"start":{"line":108,"column":6},"end":{"line":108,"column":null}},"30":{"start":{"line":109,"column":6},"end":{"line":109,"column":null}},"31":{"start":{"line":114,"column":21},"end":{"line":128,"column":null}},"32":{"start":{"line":116,"column":6},"end":{"line":116,"column":null}},"33":{"start":{"line":117,"column":6},"end":{"line":117,"column":null}},"34":{"start":{"line":118,"column":6},"end":{"line":118,"column":null}},"35":{"start":{"line":120,"column":6},"end":{"line":120,"column":null}},"36":{"start":{"line":120,"column":20},"end":{"line":120,"column":null}},"37":{"start":{"line":122,"column":19},"end":{"line":122,"column":null}},"38":{"start":{"line":123,"column":6},"end":{"line":125,"column":null}},"39":{"start":{"line":124,"column":8},"end":{"line":124,"column":null}},"40":{"start":{"line":133,"column":22},"end":{"line":137,"column":null}},"41":{"start":{"line":134,"column":4},"end":{"line":136,"column":null}},"42":{"start":{"line":135,"column":6},"end":{"line":135,"column":null}},"43":{"start":{"line":139,"column":2},"end":{"line":197,"column":null}}},"fnMap":{"0":{"name":"FileDropzone","decl":{"start":{"line":29,"column":16},"end":{"line":29,"column":29}},"loc":{"start":{"line":36,"column":22},"end":{"line":199,"column":null}},"line":36},"1":{"name":"(anonymous_1)","decl":{"start":{"line":44,"column":4},"end":{"line":44,"column":11}},"loc":{"start":{"line":44,"column":26},"end":{"line":64,"column":null}},"line":44},"2":{"name":"(anonymous_2)","decl":{"start":{"line":72,"column":4},"end":{"line":72,"column":5}},"loc":{"start":{"line":72,"column":52},"end":{"line":79,"column":null}},"line":72},"3":{"name":"(anonymous_3)","decl":{"start":{"line":87,"column":4},"end":{"line":87,"column":5}},"loc":{"start":{"line":87,"column":32},"end":{"line":93,"column":null}},"line":87},"4":{"name":"(anonymous_4)","decl":{"start":{"line":98,"column":4},"end":{"line":98,"column":5}},"loc":{"start":{"line":98,"column":32},"end":{"line":102,"column":null}},"line":98},"5":{"name":"(anonymous_5)","decl":{"start":{"line":107,"column":4},"end":{"line":107,"column":5}},"loc":{"start":{"line":107,"column":32},"end":{"line":110,"column":null}},"line":107},"6":{"name":"(anonymous_6)","decl":{"start":{"line":115,"column":4},"end":{"line":115,"column":5}},"loc":{"start":{"line":115,"column":32},"end":{"line":126,"column":null}},"line":115},"7":{"name":"(anonymous_7)","decl":{"start":{"line":133,"column":40},"end":{"line":133,"column":46}},"loc":{"start":{"line":133,"column":46},"end":{"line":137,"column":5}},"line":133}},"branchMap":{"0":{"loc":{"start":{"line":32,"column":2},"end":{"line":32,"column":null}},"type":"default-arg","locations":[{"start":{"line":32,"column":13},"end":{"line":32,"column":null}}],"line":32},"1":{"loc":{"start":{"line":33,"column":2},"end":{"line":33,"column":null}},"type":"default-arg","locations":[{"start":{"line":33,"column":16},"end":{"line":33,"column":null}}],"line":33},"2":{"loc":{"start":{"line":34,"column":2},"end":{"line":34,"column":null}},"type":"default-arg","locations":[{"start":{"line":34,"column":13},"end":{"line":34,"column":null}}],"line":34},"3":{"loc":{"start":{"line":46,"column":6},"end":{"line":49,"column":null}},"type":"if","locations":[{"start":{"line":46,"column":6},"end":{"line":49,"column":null}},{"start":{},"end":{}}],"line":46},"4":{"loc":{"start":{"line":52,
[...]
":null}},"66":{"start":{"line":217,"column":40},"end":{"line":221,"column":null}},"67":{"start":{"line":223,"column":4},"end":{"line":223,"column":null}},"68":{"start":{"line":225,"column":4},"end":{"line":232,"column":null}},"69":{"start":{"line":226,"column":6},"end":{"line":229,"column":null}},"70":{"start":{"line":236,"column":4},"end":{"line":236,"column":null}},"71":{"start":{"line":240,"column":31},"end":{"line":240,"column":null}},"72":{"start":{"line":241,"column":4},"end":{"line":241,"column":null}},"73":{"start":{"line":241,"column":63},"end":{"line":241,"column":null}},"74":{"start":{"line":243,"column":27},"end":{"line":245,"column":null}},"75":{"start":{"line":244,"column":13},"end":{"line":244,"column":null}},"76":{"start":{"line":247,"column":4},"end":{"line":247,"column":null}},"77":{"start":{"line":251,"column":31},"end":{"line":251,"column":null}},"78":{"start":{"line":252,"column":4},"end":{"line":252,"column":null}},"79":{"start":{"line":252,"column":25},"end":{"line":252,"column":null}},"80":{"start":{"line":254,"column":4},"end":{"line":255,"column":null}},"81":{"start":{"line":255,"column":49},"end":{"line":255,"column":74}}},"fnMap":{"0":{"name":"(anonymous_0)","decl":{"start":{"line":38,"column":54},"end":{"line":38,"column":55}},"loc":{"start":{"line":38,"column":69},"end":{"line":258,"column":2}},"line":38},"1":{"name":"(anonymous_1)","decl":{"start":{"line":44,"column":15},"end":{"line":44,"column":22}},"loc":{"start":{"line":44,"column":52},"end":{"line":86,"column":null}},"line":44},"2":{"name":"(anonymous_2)","decl":{"start":{"line":59,"column":71},"end":{"line":59,"column":72}},"loc":{"start":{"line":59,"column":87},"end":{"line":64,"column":8}},"line":59},"3":{"name":"(anonymous_3)","decl":{"start":{"line":88,"column":23},"end":{"line":88,"column":30}},"loc":{"start":{"line":88,"column":52},"end":{"line":106,"column":null}},"line":88},"4":{"name":"(anonymous_4)","decl":{"start":{"line":108,"column":23},"end":{"line":108,"column":30}},"loc":{"start":{"line":108,"column":75},"end":{"line":143,"column":null}},"line":108},"5":{"name":"(anonymous_5)","decl":{"start":{"line":113,"column":63},"end":{"line":113,"column":64}},"loc":{"start":{"line":113,"column":77},"end":{"line":122,"column":5}},"line":113},"6":{"name":"(anonymous_6)","decl":{"start":{"line":145,"column":19},"end":{"line":145,"column":26}},"loc":{"start":{"line":145,"column":48},"end":{"line":185,"column":null}},"line":145},"7":{"name":"(anonymous_7)","decl":{"start":{"line":150,"column":63},"end":{"line":150,"column":64}},"loc":{"start":{"line":150,"column":77},"end":{"line":160,"column":5}},"line":150},"8":{"name":"(anonymous_8)","decl":{"start":{"line":163,"column":47},"end":{"line":163,"column":48}},"loc":{"start":{"line":163,"column":54},"end":{"line":163,"column":78}},"line":163},"9":{"name":"(anonymous_9)","decl":{"start":{"line":187,"column":19},"end":{"line":187,"column":26}},"loc":{"start":{"line":187,"column":56},"end":{"line":210,"column":null}},"line":187},"10":{"name":"(anonymous_10)","decl":{"start":{"line":212,"column":23},"end":{"line":212,"column":30}},"loc":{"start":{"line":212,"column":48},"end":{"line":233,"column":null}},"line":212},"11":{"name":"(anonymous_11)","decl":{"start":{"line":235,"column":16},"end":{"line":235,"column":22}},"loc":{"start":{"line":235,"column":22},"end":{"line":237,"column":null}},"line":235},"12":{"name":"(anonymous_12)","decl":{"start":{"line":239,"column":21},"end":{"line":239,"column":27}},"loc":{"start":{"line":239,"column":27},"end":{"line":248,"column":null}},"line":239},"13":{"name":"(anonymous_13)","decl":{"start":{"line":244,"column":6},"end":{"line":244,"column":7}},"loc":{"start":{"line":244,"column":13},"end":{"line":244,"column":null}},"line":244},"14":{"name":"(anonymous_14)","decl":{"start":{"line":250,"column":29},"end":{"line":250,"column":30}},"loc":{"start":{"line":250,"column":52},"end":{"line":257,"column":null}},"line":250},"15":{"name":"(anonymous_15)","decl":{"start":{"line":255,"column":42},"end":{"line":255,"column":43}},"loc":{"start":{"line":255,"column":49},"end":{"line":255,"column":74}},"line":255}},"branchMap":{"0":{"loc":{"start":{"line":51,"column":6},"end":{"line":55,"column":null}},"type":"if","locations":[{"start":{"line":51,"column":6},"end":{"line":55,"column":null}},{"start":{},"end":{}}],"line":51},"1":{"loc":{"start":{"line":51,"column":10},"end":{"line":51,"column":59}},"type":"binary-expr","locations":[{"start":{"line":51,"column":10},"end":{"line":51,"column":29}},{"start":{"line":51,"column":29},"end":{"line":51,"column":59}}],"line":51},"2":{"loc":{"start":{"line":82,"column":15},"end":{"line":82,"column":null}},"type":"cond-expr","locations":[{"start":{"line":82,"column":40},"end":{"line":82,"column":56}},{"start":{"line":82,"column":56},"end":{"line":82,"column":null}}],"line":82},"3":{"loc":{"start":{"line":94,"column":6},"end":{"line":97,"column":null}},"type":"if","locations":[{"start":{"line":94,"column":6},"end":{"line":97,"column":null}},{"start":{},"end":{}}],"line":94},"4":{"loc":{"start":{"line":102,"column":15},"end":{"line":102,"column":null}},"type":"cond-expr","locations":[{"start":{"line":102,"column":40},"end":{"line":102,"column":56}},{"start":{"line":102,"column":56},"end":{"line":102,"column":null}}],"line":102},"5":{"loc":{"start":{"line":110,"column":4},"end":{"line":110,"column":null}},"type":"if","locations":[{"start":{"line":110,"column":4},"end":{"line":110,"column":null}},{"start":{},"end":{}}],"line":110},"6":{"loc":{"start":{"line":114,"column":6},"end":{"line":120,"column":null}},"type":"if","locations":[{"start":{"line":114,"column":6},"end":{"line":120,"column":null}},{"start":{},"end":{}}],"line":114},"7":{"loc":{"start":{"line":118,"column":23},"end":{"line":118,"column":null}},"type":"cond-expr","locations":[{"start":{"line":118,"column":48},"end":{"line":118,"column":54}},{"start":{"line":118,"column":54},"end":{"line":118,"column":null}}],"line":118},"8":{"loc":{"start":{"line":147,"column":4},"end":{"line":147,"column":null}},"type":"if","locations":[{"start":{"line":147,"column":4},"end":{"line":147,"column":null}},{"start":{},"end":{}}],"line":147},"9":{"loc":{"start":{"line":151,"column":6},"end":{"line":158,"column":null}},"type":"if","locations":[{"start":{"line":151,"column":6},"end":{"line":158,"column":null}},{"start":{},"end":{}}],"line":151},"10":{"loc":{"start":{"line":169,"column":19},"end":{"line":169,"column":null}},"type":"cond-expr","locations":[{"start":{"line":169,"column":34},"end":{"line":169,"column":40}},{"start":{"line":169,"column":40},"end":{"line":169,"column":null}}],"line":169},"11":{"loc":{"start":{"line":178,"column":21},"end":{"line":178,"column":null}},"type":"cond-expr","locations":[{"start":{"line":178,"column":36},"end":{"line":178,"column":42}},{"start":{"line":178,"column":42},"end":{"line":178,"column":null}}],"line":178},"12":{"loc":{"start":{"line":189,"column":4},"end":{"line":189,"column":null}},"type":"if","locations":[{"start":{"line":189,"column":4},"end":{"line":189,"column":null}},{"start":{},"end":{}}],"line":189},"13":{"loc":{"start":{"line":214,"column":4},"end":{"line":214,"column":null}},"type":"if","locations":[{"start":{"line":214,"column":4},"end":{"line":214,"column":null}},{"start":{},"end":{}}],"line":214},"14":{"loc":{"start":{"line":241,"column":4},"end":{"line":241,"column":null}},"type":"if","locations":[{"start":{"line":241,"column":4},"end":{"line":241,"column":null}},{"start":{},"end":{}}],"line":241},"15":{"loc":{"start":{"line":241,"column":8},"end":{"line":241,"column":63}},"type":"binary-expr","locations":[{"start":{"line":241,"column":8},"end":{"line":241,"column":27}},{"start":{"line":241,"column":27},"end":{"line":241,"column":63}}],"line":241},"16":{"loc":{"start":{"line":252,"column":4},"end":{"line":252,"column":null}},"type":"if","locations":[{"start":{"line":252,"column":4},"end":{"line":252,"column":null}},{"start":{},"end":{}}],"line":252},"17":{"loc":{"start":{"line":255,"column":6},"end":{"line":255,"column":null}},"type":"binary-expr","locations":[{"start":{"line":255,"column":6},"end":{"line":255,"column":79}},{"start":{"line":255,"column":79},"end":{"line":255,"column":null}}],"line":255}},"s":{"0":1,"1":1,"2":18,"3":18,"4":18,"5":18,"6":0,"7":0,"8":18,"9":18,"10":54,"11":18,"12":18,"13":18,"14":0,"15":2,"16":2,"17":2,"18":2,"19":1,"20":1,"21":1,"22":0,"23":3,"24":3,"25":1,"26":2,"27":2,"28":6,"29":2,"30":4,"31":2,"32":2,"33":2,"34":2,"35":0,"36":2,"37":8,"38":8,"39":0,"40":8,"41":8,"42":24,"43":8,"44":16,"45":8,"46":17,"47":8,"48":8,"49":8,"50":8,"51":0,"52":8,"53":3,"54":3,"55":0,"56":3,"57":3,"58":3,"59":3,"60":3,"61":3,"62":1,"63":1,"64":0,"65":1,"66":1,"67":1,"68":1,"69":1,"70":1,"71":4,"72":4,"73":1,"74":3,"75":9,"76":3,"77":3,"78":3,"79":1,"80":2,"81":5},"f":{"0":1,"1":18,"2":54,"3":2,"4":3,"5":6,"6":8,"7":24,"8":17,"9":3,"10":1,"11":1,"12":4,"13":9,"14":3,"15":5},"b":{"0":[0,18],"1":[18,0],"2":[0,0],"3":[1,1],"4":[0,0],"5":[1,2],"6":[2,4],"7":[1,1],"8":[0,8],"9":[8,16],"10":[1,7],"11":[1,7],"12":[0,3],"13":[0,1],"14":[1,3],"15":[4,3],"16":[1,2],"17":[2,1]},"meta":{"lastBranch":18,"lastFunction":16,"lastStatement":82,"seen":{"s:38:13:258:Infinity":0,"f:38:54:38:55":0,"s:38:69:258:2":1,"f:44:15:44:22":1,"s:45:4:45:Infinity":2,"s:47:4:85:Infinity":3,"s:49:30:49:Infinity":4,"b:51:6:55:Infinity:undefined:undefined:undefined:undefined":0,"s:51:6:55:Infinity":5,"b:51:10:51:29:51:29:51:59":1,"s:53:8:53:Infinity":6,"s:54:8:54:Infinity":7,"s:58:18:58:Infinity":8,"s:59:49:64:Infinity":9,"f:59:71:59:72":2,"s:59:87:64:8":10,"s:66:38:76:Infinity":11,"s:78:6:78:Infinity":12,"s:79:6:79:Infinity":13,"s:81:6:84:Infinity":14,"b:82:40:82:56:82:56:82:Infinity":2,"f:88:23:88:30":3,"s:89:4:89:Infinity":15,"s:91:4:105:Infinity":16,"s:92:22:92:Infinity":17,"b:94:6:97:Infinity:undefined:undefined:undefined:undefined":3,"s:94:6:97:Infinity":18,"s:95:8:95:Infinity":19,"s:96:8:96:Infinity":20,"s:99:6:99:Infinity":21,"s:101:6:104:Infinity":22,"b:102:40:102:56:102:56:102:Infinity":4,"f:108:23:108:30":4,"s:109:31:109:Infinity":23,"b:110:4:110:Infinity:undefined:undefined:undefined:undefined":5,"s:110:4:110:Infinity":24,"s:110:25:110:Infinity":25,"s:112:16:112:Infinity":26,"s:113:28:122:Infinity":27,"f:113:63:113:64":5,"b:114:6:120:Infinity:undefined:undefined:undefined:undefined":6,"s:114:6:120:Infinity":28,"s:115:8:119:Infinity":29,"b:118:48:118:54:118:54:118:Infinity":7,"s:121:6:121:Infinity":30,"s:124:40:128:Infinity":31,"s:130:4:130:Infinity":32,"s:132:4:142:Infinity":33,"s:133:6:136:Infinity":34,"s:139:6:139:Infinity":35,"s:141:6:141:Infinity":36,"f:145:19:145:26":6,"s:146:31:146:Infinity":37,"b:147:4:147:Infinity:undefined:undefined:undefined:undefined":8,"s:147:4:147:Infinity":38,"s:147:25:147:Infinity":39,"s:149:16:149:Infinity":40,"s:150:28:160:Infinity":41,"f:150:63:150:64":7,"b:151:6:158:Infinity:undefined:undefined:undefined:undefined":9,"s:151:6:158:Infinity":42,"s:152:8:157:Infinity":43,"s:159:6:159:Infinity":44,"s:163:25:163:Infinity":45,"f:163:47:163:48":8,"s:163:54:163:78":46,"s:165:40:170:Infinity":47,"b:169:34:169:40:169:40:169:Infinity":10,"s:172:4:172:Infinity":48,"s:174:4:184:Infinity":49,"s:175:6:179:Infinity":50,"b:178:36:178:42:178:42:178:Infinity":11,"s:181:6:181:Infinity":51,"s:183:6:183:Infinity":52,"f:187:19:187:26":9,"s:188:31:188:Infinity":53,"b:189:4:189:Infinity:undefined:undefined:undefined:undefined":12,"s:189:4:189:Infinity":54,"s:189:25:189:Infinity":55,"s:191:25:191:Infinity":56,"s:192:16:192:Infinity":57,"s:194:40:198:Infinity":58,"s:200:4:200:Infinity":59,"s:202:4:209:Infinity":60,"s:203:6:206:Infinity":61,"f:212:23:212:30":10,"s:213:31:213:Infinity":62,"b:214:4:214:Infinity:undefined:undefined:undefined:undefined":13,"s:214:4:214:Infinity":63,"s:214:25:214:Infinity":64,"s:216:16:216:Infinity":65,"s:217:40:221:Infinity":66,"s:223:4:223:Infinity":67,"s:225:4:232:Infinity":68,"s:226:6:229:Infinity":69,"f:235:16:235:22":11,"s:236:4:236:Infinity":70,"f:239:21:239:27":12,"s:240:31:240:Infinity":71,"b:241:4:241:Infinity:undefined:undefined:undefined:undefined":14,"s:241:4:241:Infinity":72,"b:241:8:241:27:241:27:241:63":15,"s:241:63:241:Infinity":73,"s:243:27:245:Infinity":74,"f:244:6:244:7":13,"s:244:13:244:Infinity":75,"s:247:4:247:Infinity":76,"f:250:29:250:30":14,"s:251:31:251:Infinity":77,"b:252:4:252:Infinity:undefined:undefined:undefined:undefined":16,"s:252:4:252:Infinity":78,"s:252:25:252:Infinity":79,"s:254:4:255:Infinity":80,"b:255:6:255:79:255:79:255:Infinity":17,"f:255:42:255:43":15,"s:255:49:255:74":81}}}
,"C:\\claude_project\\english-tutor\\shadow-tutor\\src\\stores\\settings-store.ts": {"path":"C:\\claude_project\\english-tutor\\shadow-tutor\\src\\stores\\settings-store.ts","statementMap":{"0":{"start":{"line":22,"column":13},"end":{"line":104,"column":null}},"1":{"start":{"line":24,"column":19},"end":{"line":90,"column":null}},"2":{"start":{"line":41,"column":8},"end":{"line":41,"column":null}},"3":{"start":{"line":45,"column":8},"end":{"line":45,"column":null}},"4":{"start":{"line":49,"column":8},"end":{"line":49,"column":null}},"5":{"start":{"line":53,"column":8},"end":{"line":53,"column":null}},"6":{"start":{"line":57,"column":28},"end":{"line":57,"column":null}},"7":{"start":{"line":58,"column":8},"end":{"line":58,"column":null}},"8":{"start":{"line":63,"column":8},"end":{"line":63,"column":null}},"9":{"start":{"line":67,"column":8},"end":{"line":67,"column":null}},"10":{"start":{"line":71,"column":8},"end":{"line":71,"column":null}},"11":{"start":{"line":76,"column":8},"end":{"line":84,"column":null}},"12":{"start":{"line":88,"column":8},"end":{"line":88,"column":null}},"13":{"start":{"line":93,"column":30},"end":{"line":101,"column":null}}},"fnMap":{"0":{"name":"(anonymous_0)","decl":{"start":{"line":24,"column":4},"end":{"line":24,"column":5}},"loc":{"start":{"line":24,"column":19},"end":{"line":90,"column":null}},"line":24},"1":{"name":"(anonymous_1)","decl":{"start":{"line":40,"column":16},"end":{"line":40,"column":17}},"loc":{"start":{"line":40,"column":40},"end":{"line":42,"column":null}},"line":40},"2":{"name":"(anonymous_2)","decl":{"start":{"line":44,"column":16},"end":{"line":44,"column":17}},"loc":{"start":{"line":44,"column":35},"end":{"line":46,"column":null}},"line":44},"3":{"name":"(anonymous_3)","decl":{"start":{"line":48,"column":17},"end":{"line":48,"column":18}},"loc":{"start":{"line":48,"column":37},"end":{"line":50,"column":null}},"line":48},"4":{"name":"(anonymous_4)","decl":{"start":{"line":52,"column":16},"end":{"line":52,"column":17}},"loc":{"start":{"line":52,"column":38},"end":{"line":54,"column":null}},"line":52},"5":{"name":"(anonymous_5)","decl":{"start":{"line":56,"column":18},"end":{"line":56,"column":24}},"loc":{"start":{"line":56,"column":24},"end":{"line":59,"column":null}},"line":56},"6":{"name":"(anonymous_6)","decl":{"start":{"line":62,"column":24},"end":{"line":62,"column":25}},"loc":{"start":{"line":62,"column":46},"end":{"line":64,"column":null}},"line":62},"7":{"name":"(anonymous_7)","decl":{"start":{"line":66,"column":22},"end":{"line":66,"column":23}},"loc":{"start":{"line":66,"column":41},"end":{"line":68,"column":null}},"line":66},"8":{"name":"(anonymous_8)","decl":{"start":{"line":70,"column":22},"end":{"line":70,"column":23}},"loc":{"start":{"line":70,"column":48},"end":{"line":72,"column":null}},"line":70},"9":{"name":"(anonymous_9)","decl":{"start":{"line":75,"column":23},"end":{"line":75,"column":29}},"loc":{"start":{"line":75,"column":29},"end":{"line":85,"column":null}},"line":75},"10":{"name":"(anonymous_10)","decl":{"start":{"line":87,"column":22},"end":{"line":87,"column":28}},"loc":{"start":{"line":87,"column":28},"end":{"line":89,"column":null}},"line":87},"11":{"name":"(anonymous_11)","decl":{"start":{"line":93,"column":18},"end":{"line":93,"column":19}},"loc":{"start":{"line":93,"column":30},"end":{"line":101,"column":null}},"line":93}},"branchMap":{},"s":{"0":1,"1":1,"2":3,"3":5,"4":4,"5":2,"6":2,"7":2,"8":4,"9":4,"10":3,"11":23,"12":1,"13":51},"f":{"0":1,"1":3,"2":5,"3":4,"4":2,"5":2,"6":4,"7":4,"8":3,"9":23,"10":1,"11":51},"b":{},"meta":{"lastBranch":0,"lastFunction":12,"lastStatement":14,"seen":{"s:22:13:104:Infinity":0,"f:24:4:24:5":0,"s:24:19:90:Infinity":1,"f:40:16:40:17":1,"s:41:8:41:Infinity":2,"f:44:16:44:17":2,"s:45:8:45:Infinity":3,"f:48:17:48:18":3,"s:49:8:49:Infinity":4,"f:52:16:52:17":4,"s:53:8:53:Infinity":5,"f:56:18:56:24":5,"s:57:28:57:Infinity":6,"s:58:8:58:Infinity":7,"f:62:24:62:25":6,"s:63:8:63:Infinity":8,"f:66:22:66:23":7,"s:67:8:67:Infinity":9,"f:70:22:70:23":8,"s:71:8:71:Infinity":10,"f:75:23:75:29":9,"s:76:8:84:Infinity":11,"f:87:22:87:28":10,"s:88:8:88:Infinity":12,"f:93:18:93:19":11,"s:93:30:101:Infinity":13}}}
,"C:\\claude_project\\english-tutor\\shadow-tutor\\src\\stores\\upload-store.ts": {"path":"C:\\claude_project\\english-tutor\\shadow-tutor\\src\\stores\\upload-store.ts","statementMap":{"0":{"start":{"line":22,"column":4},"end":{"line":30,"column":null}},"1":{"start":{"line":54,"column":13},"end":{"line":76,"column":null}},"2":{"start":{"line":54,"column":60},"end":{"line":76,"column":2}},"3":{"start":{"line":58,"column":4},"end":{"line":61,"column":null}},"4":{"start":{"line":63,"column":27},"end":{"line":63,"column":null}},"5":{"start":{"line":65,"column":29},"end":{"line":65,"column":null}},"6":{"start":{"line":67,"column":25},"end":{"line":67,"column":null}},"7":{"start":{"line":69,"column":23},"end":{"line":69,"column":null}},"8":{"start":{"line":71,"column":29},"end":{"line":71,"column":null}},"9":{"start":{"line":73,"column":31},"end":{"line":73,"column":null}},"10":{"start":{"line":75,"column":15},"end":{"line":75,"column":null}}},"fnMap":{"0":{"name":"(anonymous_0)","decl":{"start":{"line":54,"column":50},"end":{"line":54,"column":51}},"loc":{"start":{"line":54,"column":60},"end":{"line":76,"column":2}},"line":54},"1":{"name":"(anonymous_1)","decl":{"start":{"line":57,"column":11},"end":{"line":57,"column":12}},"loc":{"start":{"line":58,"column":4},"end":{"line":61,"column":null}},"line":58},"2":{"name":"(anonymous_2)","decl":{"start":{"line":63,"column":14},"end":{"line":63,"column":15}},"loc":{"start":{"line":63,"column":27},"end":{"line":63,"column":null}},"line":63},"3":{"name":"(anonymous_3)","decl":{"start":{"line":65,"column":15},"end":{"line":65,"column":16}},"loc":{"start":{"line":65,"column":29},"end":{"line":65,"column":null}},"line":65},"4":{"name":"(anonymous_4)","decl":{"start":{"line":67,"column":13},"end":{"line":67,"column":14}},"loc":{"start":{"line":67,"column":25},"end":{"line":67,"column":null}},"line":67},"5":{"name":"(anonymous_5)","decl":{"start":{"line":69,"column":12},"end":{"line":69,"column":13}},"loc":{"start":{"line":69,"column":23},"end":{"line":69,"column":null}},"line":69},"6":{"name":"(anonymous_6)","decl":{"start":{"line":71,"column":15},"end":{"line":71,"column":16}},"loc":{"start":{"line":71,"column":29},"end":{"line":71,"column":null}},"line":71},"7":{"name":"(anonymous_7)","decl":{"start":{"line":73,"column":16},"end":{"line":73,"column":17}},"loc":{"start":{"line":73,"column":31},"end":{"line":73,"column":null}},"line":73},"8":{"name":"(anonymous_8)","decl":{"start":{"line":75,"column":9},"end":{"line":75,"column":15}},"loc":{"start":{"line":75,"column":15},"end":{"line":75,"column":null}},"line":75}},"branchMap":{},"s":{"0":1,"1":1,"2":1,"3":5,"4":4,"5":6,"6":7,"7":5,"8":5,"9":5,"10":24},"f":{"0":1,"1":5,"2":4,"3":6,"4":7,"5":5,"6":5,"7":5,"8":24},"b":{},"meta":{"lastBranch":0,"lastFunction":9,"lastStatement":11,"seen":{"s:22:4:30:Infinity":0,"s:54:13:76:Infinity":1,"f:54:50:54:51":0,"s:54:60:76:2":2,"f:57:11:57:12":1,"s:58:4:61:Infinity":3,"f:63:14:63:15":2,"s:63:27:63:Infinity":4,"f:65:15:65:16":3,"s:65:29:65:Infinity":5,"f:67:13:67:14":4,"s:67:25:67:Infinity":6,"f:69:12:69:13":5,"s:69:23:69:Infinity":7,"f:71:15:71:16":6,"s:71:29:71:Infinity":8,"f:73:16:73:17":7,"s:73:31:73:Infinity":9,"f:75:9:75:15":8,"s:75:15:75:Infinity":10}}}
}
